**** we didn't focus on efficient implementation of the Gemma model and used it just to get the nDCG@10 and hence the runtime is more than the GPT model. This implementation leverages (relatively slower) hugging face API ****
CUDA_VISIBLE_DEVICES=0
Dataset: irds:msmarco-passage
Test Dataset: irds:msmarco-passage/trec-dl-2020/judged
TOP_K=1000
Run 1:
------
*** self.DEVICE: cuda ***

Loading Gemma model and processor...
Gemma model and processor loaded successfully.
Avg Prompt Tokens: 942.7037037037037
Avg Response Tokens: 100.96296296296296
Avg Relevant Documents: 167.22222222222223
Total Run Time for all queries: 558.6231 seconds => 9.3104 minutes
Avg Run Time for all queries: 10.3449 seconds => 0.1724 minutes
                name   nDCG@10  R(rel=2)@1000
0  bm25 >> Density2R  0.681025       0.804832

Run Time: 561.2806 seconds => 9.3547 minutes
----------------------------------------------------------------

Done
