**** we didn't focus on efficient implementation of the Gemma model and used it just to get the nDCG@10 and hence the runtime is more than the GPT model. This implementation leverages (relatively slower) hugging face API ****
CUDA_VISIBLE_DEVICES=0
Dataset: irds:beir/webis-touche2020/v2
Test Dataset: irds:beir/webis-touche2020/v2
TOP_K=1000
Run 1:
------
*** self.DEVICE: cuda ***

Loading Gemma model and processor...
Gemma model and processor loaded successfully.
Avg Prompt Tokens: 7812.938775510204
Avg Response Tokens: 123.0204081632653
Avg Relevant Documents: 349.9591836734694
Total Run Time for all queries: 863.2578 seconds => 14.3876 minutes
Avg Run Time for all queries: 17.6175 seconds => 0.2936 minutes
                name   nDCG@10  R(rel=2)@1000
0  bm25 >> Density2R  0.283042       0.917267

Run Time: 864.9682 seconds => 14.4161 minutes
----------------------------------------------------------------

Done
