**** we didn't focus on efficient implementation of the Gemma model and used it just to get the nDCG@10 and hence the runtime is more than the GPT model. This implementation leverages (relatively slower) hugging face API ****
CUDA_VISIBLE_DEVICES=0
Dataset: irds:beir/trec-covid
Test Dataset: irds:beir/trec-covid
TOP_K=1000
Run 1:
------
*** self.DEVICE: cuda ***

Loading Gemma model and processor...
Gemma model and processor loaded successfully.
Avg Prompt Tokens: 3498.18
Avg Response Tokens: 127.76
Avg Relevant Documents: 488.8
Total Run Time for all queries: 833.4440 seconds => 13.8907 minutes
Avg Run Time for all queries: 16.6689 seconds => 0.2778 minutes
                name   nDCG@10  R(rel=2)@1000
0  bm25 >> Density2R  0.738265       0.494486

Run Time: 834.5602 seconds => 13.9093 minutes
----------------------------------------------------------------

Done
