**** we didn't focus on efficient implementation of the Gemma model and used it just to get the nDCG@10 and hence the runtime is more than the GPT model. This implementation leverages (relatively slower) hugging face API ****
CUDA_VISIBLE_DEVICES=0
Dataset: irds:beir/dbpedia-entity
Test Dataset: irds:beir/dbpedia-entity/test
TOP_K=1000
Run 1:
------
*** self.DEVICE: cuda ***

Loading Gemma model and processor...
Gemma model and processor loaded successfully.
Avg Prompt Tokens: 911.453634085213
Avg Response Tokens: 97.52130325814537
Avg Relevant Documents: 136.20551378446115
Total Run Time for all queries: 3987.9708 seconds => 66.4662 minutes
Avg Run Time for all queries: 9.9949 seconds => 0.1666 minutes
                name   nDCG@10  R(rel=2)@1000
0  bm25 >> Density2R  0.397865       0.584204

Run Time: 4007.6366 seconds => 66.7939 minutes
----------------------------------------------------------------

Done
