**** we didn't focus on efficient implementation of the Gemma model and used it just to get the nDCG@10 and hence the runtime is more than the GPT model. This implementation leverages (relatively slower) hugging face API ****
CUDA_VISIBLE_DEVICES=0
Dataset: irds:beir/nfcorpus
Test Dataset: irds:beir/nfcorpus/test
TOP_K=100
Run 1:
------
*** self.DEVICE: cuda ***

Loading Gemma model and processor...
Gemma model and processor loaded successfully.
Avg Prompt Tokens: 3009.905844155844
Avg Response Tokens: 118.3961038961039
Avg Relevant Documents: 17.915584415584416
Total Run Time for all queries: 3615.7583 seconds => 60.2626 minutes
Avg Run Time for all queries: 11.7395 seconds => 0.1957 minutes
                name   nDCG@10  R(rel=2)@1000
0  bm25 >> Density2R  0.366392        0.22683

Run Time: 3615.9921 seconds => 60.2665 minutes
----------------------------------------------------------------

Done
