Java started and loaded: pyterrier.java, pyterrier.terrier.java [version=5.11 (build: craig.macdonald 2025-01-13 21:29), helper_version=0.0.8]
/home/mzaoad/re-ranker_t1/Density2R/d2R_evaluation.py:5: DeprecationWarning: Call to deprecated method pt.init(). Deprecated since version 0.11.0.
java is now started automatically with default settings. To force initialisation early, run:
pt.java.init() # optional, forces java initialisation
  pt.init()
[nltk_data] Downloading package punkt to /home/mzaoad/nltk_data...
[nltk_data]   Package punkt is already up-to-date!
Dataset: irds:beir/webis-touche2020/v2
Test Dataset: irds:beir/webis-touche2020/v2
TOP_K=1000
Run 1:
------
*** self.DEVICE: cuda ***


pt.Experiment:   0%|          | 0/1 [00:00<?, ?system/s]

Progress...:   0%|          | 0/49 [00:00<?, ?it/s][A

Progress...:   2%|â–         | 1/49 [00:00<00:16,  2.83it/s][A

Progress...:   4%|â–         | 2/49 [00:00<00:16,  2.79it/s][A

Progress...:   6%|â–Œ         | 3/49 [00:01<00:16,  2.71it/s][A

Progress...:   8%|â–Š         | 4/49 [00:01<00:14,  3.11it/s][A

Progress...:  10%|â–ˆ         | 5/49 [00:01<00:11,  3.85it/s][A

Progress...:  12%|â–ˆâ–        | 6/49 [00:01<00:12,  3.31it/s][A

Progress...:  14%|â–ˆâ–        | 7/49 [00:02<00:15,  2.73it/s][A

Progress...:  16%|â–ˆâ–‹        | 8/49 [00:02<00:15,  2.62it/s][A

Progress...:  18%|â–ˆâ–Š        | 9/49 [00:03<00:14,  2.73it/s][A

Progress...:  20%|â–ˆâ–ˆ        | 10/49 [00:03<00:15,  2.46it/s][A

Progress...:  22%|â–ˆâ–ˆâ–       | 11/49 [00:03<00:12,  2.98it/s][A

Progress...:  24%|â–ˆâ–ˆâ–       | 12/49 [00:04<00:12,  3.06it/s][A

Progress...:  27%|â–ˆâ–ˆâ–‹       | 13/49 [00:04<00:12,  2.91it/s][A

Progress...:  29%|â–ˆâ–ˆâ–Š       | 14/49 [00:04<00:12,  2.70it/s][A

Progress...:  31%|â–ˆâ–ˆâ–ˆ       | 15/49 [00:05<00:11,  2.85it/s][A

Progress...:  33%|â–ˆâ–ˆâ–ˆâ–Ž      | 16/49 [00:05<00:11,  2.91it/s][A

Progress...:  35%|â–ˆâ–ˆâ–ˆâ–      | 17/49 [00:05<00:09,  3.26it/s][A

Progress...:  37%|â–ˆâ–ˆâ–ˆâ–‹      | 18/49 [00:06<00:10,  3.02it/s][A

Progress...:  39%|â–ˆâ–ˆâ–ˆâ–‰      | 19/49 [00:06<00:11,  2.72it/s][A

Progress...:  41%|â–ˆâ–ˆâ–ˆâ–ˆ      | 20/49 [00:06<00:10,  2.85it/s][A

Progress...:  43%|â–ˆâ–ˆâ–ˆâ–ˆâ–Ž     | 21/49 [00:07<00:11,  2.51it/s][A

Progress...:  45%|â–ˆâ–ˆâ–ˆâ–ˆâ–     | 22/49 [00:07<00:08,  3.19it/s][A

Progress...:  47%|â–ˆâ–ˆâ–ˆâ–ˆâ–‹     | 23/49 [00:08<00:09,  2.81it/s][A

Progress...:  49%|â–ˆâ–ˆâ–ˆâ–ˆâ–‰     | 24/49 [00:08<00:10,  2.37it/s][A

Progress...:  51%|â–ˆâ–ˆâ–ˆâ–ˆâ–ˆ     | 25/49 [00:08<00:09,  2.41it/s][A

Progress...:  53%|â–ˆâ–ˆâ–ˆâ–ˆâ–ˆâ–Ž    | 26/49 [00:09<00:09,  2.33it/s][A

Progress...:  55%|â–ˆâ–ˆâ–ˆâ–ˆâ–ˆâ–Œ    | 27/49 [00:09<00:09,  2.24it/s][A

Progress...:  57%|â–ˆâ–ˆâ–ˆâ–ˆâ–ˆâ–‹    | 28/49 [00:10<00:08,  2.37it/s][A

Progress...:  59%|â–ˆâ–ˆâ–ˆâ–ˆâ–ˆâ–‰    | 29/49 [00:10<00:08,  2.35it/s][A

Progress...:  61%|â–ˆâ–ˆâ–ˆâ–ˆâ–ˆâ–ˆ    | 30/49 [00:10<00:07,  2.66it/s][A

Progress...:  63%|â–ˆâ–ˆâ–ˆâ–ˆâ–ˆâ–ˆâ–Ž   | 31/49 [00:11<00:06,  2.76it/s][A

Progress...:  65%|â–ˆâ–ˆâ–ˆâ–ˆâ–ˆâ–ˆâ–Œ   | 32/49 [00:11<00:06,  2.81it/s][A

Progress...:  67%|â–ˆâ–ˆâ–ˆâ–ˆâ–ˆâ–ˆâ–‹   | 33/49 [00:11<00:05,  2.98it/s][A

Progress...:  69%|â–ˆâ–ˆâ–ˆâ–ˆâ–ˆâ–ˆâ–‰   | 34/49 [00:12<00:05,  2.94it/s][A

Progress...:  71%|â–ˆâ–ˆâ–ˆâ–ˆâ–ˆâ–ˆâ–ˆâ–  | 35/49 [00:12<00:04,  3.33it/s][A

Progress...:  73%|â–ˆâ–ˆâ–ˆâ–ˆâ–ˆâ–ˆâ–ˆâ–Ž  | 36/49 [00:12<00:03,  3.40it/s][A

Progress...:  76%|â–ˆâ–ˆâ–ˆâ–ˆâ–ˆâ–ˆâ–ˆâ–Œ  | 37/49 [00:13<00:03,  3.13it/s][A

Progress...:  78%|â–ˆâ–ˆâ–ˆâ–ˆâ–ˆâ–ˆâ–ˆâ–Š  | 38/49 [00:13<00:03,  2.79it/s][A

Progress...:  80%|â–ˆâ–ˆâ–ˆâ–ˆâ–ˆâ–ˆâ–ˆâ–‰  | 39/49 [00:13<00:03,  2.74it/s][A

Progress...:  82%|â–ˆâ–ˆâ–ˆâ–ˆâ–ˆâ–ˆâ–ˆâ–ˆâ– | 40/49 [00:14<00:03,  2.68it/s][A

Progress...:  84%|â–ˆâ–ˆâ–ˆâ–ˆâ–ˆâ–ˆâ–ˆâ–ˆâ–Ž | 41/49 [00:14<00:02,  2.87it/s][A

Progress...:  86%|â–ˆâ–ˆâ–ˆâ–ˆâ–ˆâ–ˆâ–ˆâ–ˆâ–Œ | 42/49 [00:14<00:02,  3.48it/s][A

Progress...:  88%|â–ˆâ–ˆâ–ˆâ–ˆâ–ˆâ–ˆâ–ˆâ–ˆâ–Š | 43/49 [00:15<00:01,  3.50it/s][A

Progress...:  90%|â–ˆâ–ˆâ–ˆâ–ˆâ–ˆâ–ˆâ–ˆâ–ˆâ–‰ | 44/49 [00:15<00:01,  3.61it/s][A

Progress...:  92%|â–ˆâ–ˆâ–ˆâ–ˆâ–ˆâ–ˆâ–ˆâ–ˆâ–ˆâ–| 45/49 [00:15<00:01,  3.85it/s][A

Progress...:  94%|â–ˆâ–ˆâ–ˆâ–ˆâ–ˆâ–ˆâ–ˆâ–ˆâ–ˆâ–| 46/49 [00:15<00:00,  3.46it/s][A

Progress...:  96%|â–ˆâ–ˆâ–ˆâ–ˆâ–ˆâ–ˆâ–ˆâ–ˆâ–ˆâ–Œ| 47/49 [00:16<00:00,  3.94it/s][A

Progress...:  98%|â–ˆâ–ˆâ–ˆâ–ˆâ–ˆâ–ˆâ–ˆâ–ˆâ–ˆâ–Š| 48/49 [00:16<00:00,  3.83it/s][A

Progress...: 100%|â–ˆâ–ˆâ–ˆâ–ˆâ–ˆâ–ˆâ–ˆâ–ˆâ–ˆâ–ˆ| 49/49 [00:16<00:00,  3.51it/s][A
Progress...: 100%|â–ˆâ–ˆâ–ˆâ–ˆâ–ˆâ–ˆâ–ˆâ–ˆâ–ˆâ–ˆ| 49/49 [00:16<00:00,  2.93it/s]

Total token top-100 BM25: 3327197
Avg token per query for top-100 BM25: 67901.97959183673
