Java started and loaded: pyterrier.java, pyterrier.terrier.java [version=5.11 (build: craig.macdonald 2025-01-13 21:29), helper_version=0.0.8]
/home/mzaoad/re-ranker_t1/Density2R/d2R_evaluation.py:5: DeprecationWarning: Call to deprecated method pt.init(). Deprecated since version 0.11.0.
java is now started automatically with default settings. To force initialisation early, run:
pt.java.init() # optional, forces java initialisation
  pt.init()
[nltk_data] Downloading package punkt to /home/mzaoad/nltk_data...
[nltk_data]   Package punkt is already up-to-date!
Dataset: irds:beir/trec-covid
Test Dataset: irds:beir/trec-covid
TOP_K=1000
Run 1:
------
*** self.DEVICE: cuda ***


pt.Experiment:   0%|          | 0/1 [00:00<?, ?system/s]

Progress...:   0%|          | 0/50 [00:00<?, ?it/s][A

Progress...:   2%|â–         | 1/50 [00:00<00:06,  7.51it/s][A

Progress...:   4%|â–         | 2/50 [00:00<00:06,  7.92it/s][A

Progress...:   6%|â–Œ         | 3/50 [00:00<00:06,  7.81it/s][A

Progress...:   8%|â–Š         | 4/50 [00:00<00:06,  7.51it/s][A

Progress...:  10%|â–ˆ         | 5/50 [00:00<00:05,  7.63it/s][A

Progress...:  12%|â–ˆâ–        | 6/50 [00:00<00:05,  7.71it/s][A

Progress...:  14%|â–ˆâ–        | 7/50 [00:00<00:05,  7.88it/s][A

Progress...:  16%|â–ˆâ–Œ        | 8/50 [00:01<00:05,  7.98it/s][A

Progress...:  18%|â–ˆâ–Š        | 9/50 [00:01<00:05,  8.19it/s][A

Progress...:  20%|â–ˆâ–ˆ        | 10/50 [00:01<00:04,  8.28it/s][A

Progress...:  22%|â–ˆâ–ˆâ–       | 11/50 [00:01<00:04,  8.30it/s][A

Progress...:  24%|â–ˆâ–ˆâ–       | 12/50 [00:01<00:04,  8.29it/s][A

Progress...:  28%|â–ˆâ–ˆâ–Š       | 14/50 [00:01<00:04,  8.90it/s][A

Progress...:  30%|â–ˆâ–ˆâ–ˆ       | 15/50 [00:01<00:03,  8.79it/s][A

Progress...:  32%|â–ˆâ–ˆâ–ˆâ–      | 16/50 [00:01<00:03,  8.55it/s][A

Progress...:  34%|â–ˆâ–ˆâ–ˆâ–      | 17/50 [00:02<00:04,  8.13it/s][A

Progress...:  36%|â–ˆâ–ˆâ–ˆâ–Œ      | 18/50 [00:02<00:04,  7.86it/s][A

Progress...:  38%|â–ˆâ–ˆâ–ˆâ–Š      | 19/50 [00:02<00:03,  8.01it/s][A

Progress...:  40%|â–ˆâ–ˆâ–ˆâ–ˆ      | 20/50 [00:02<00:03,  8.05it/s][A

Progress...:  42%|â–ˆâ–ˆâ–ˆâ–ˆâ–     | 21/50 [00:02<00:03,  7.34it/s][A

Progress...:  44%|â–ˆâ–ˆâ–ˆâ–ˆâ–     | 22/50 [00:02<00:03,  7.45it/s][A

Progress...:  46%|â–ˆâ–ˆâ–ˆâ–ˆâ–Œ     | 23/50 [00:02<00:03,  7.37it/s][A

Progress...:  48%|â–ˆâ–ˆâ–ˆâ–ˆâ–Š     | 24/50 [00:03<00:03,  7.48it/s][A

Progress...:  50%|â–ˆâ–ˆâ–ˆâ–ˆâ–ˆ     | 25/50 [00:03<00:03,  7.33it/s][A

Progress...:  52%|â–ˆâ–ˆâ–ˆâ–ˆâ–ˆâ–    | 26/50 [00:03<00:03,  7.43it/s][A

Progress...:  54%|â–ˆâ–ˆâ–ˆâ–ˆâ–ˆâ–    | 27/50 [00:03<00:03,  7.30it/s][A

Progress...:  56%|â–ˆâ–ˆâ–ˆâ–ˆâ–ˆâ–Œ    | 28/50 [00:03<00:03,  7.28it/s][A

Progress...:  58%|â–ˆâ–ˆâ–ˆâ–ˆâ–ˆâ–Š    | 29/50 [00:03<00:02,  7.55it/s][A

Progress...:  60%|â–ˆâ–ˆâ–ˆâ–ˆâ–ˆâ–ˆ    | 30/50 [00:03<00:02,  7.59it/s][A

Progress...:  62%|â–ˆâ–ˆâ–ˆâ–ˆâ–ˆâ–ˆâ–   | 31/50 [00:03<00:02,  7.71it/s][A

Progress...:  64%|â–ˆâ–ˆâ–ˆâ–ˆâ–ˆâ–ˆâ–   | 32/50 [00:04<00:02,  7.70it/s][A

Progress...:  66%|â–ˆâ–ˆâ–ˆâ–ˆâ–ˆâ–ˆâ–Œ   | 33/50 [00:04<00:02,  8.09it/s][A

Progress...:  68%|â–ˆâ–ˆâ–ˆâ–ˆâ–ˆâ–ˆâ–Š   | 34/50 [00:04<00:02,  7.68it/s][A

Progress...:  70%|â–ˆâ–ˆâ–ˆâ–ˆâ–ˆâ–ˆâ–ˆ   | 35/50 [00:04<00:01,  7.82it/s][A

Progress...:  72%|â–ˆâ–ˆâ–ˆâ–ˆâ–ˆâ–ˆâ–ˆâ–  | 36/50 [00:04<00:01,  7.94it/s][A

Progress...:  74%|â–ˆâ–ˆâ–ˆâ–ˆâ–ˆâ–ˆâ–ˆâ–  | 37/50 [00:04<00:01,  7.89it/s][A

Progress...:  76%|â–ˆâ–ˆâ–ˆâ–ˆâ–ˆâ–ˆâ–ˆâ–Œ  | 38/50 [00:04<00:01,  8.17it/s][A

Progress...:  78%|â–ˆâ–ˆâ–ˆâ–ˆâ–ˆâ–ˆâ–ˆâ–Š  | 39/50 [00:04<00:01,  8.57it/s][A

Progress...:  80%|â–ˆâ–ˆâ–ˆâ–ˆâ–ˆâ–ˆâ–ˆâ–ˆ  | 40/50 [00:05<00:01,  7.74it/s][A

Progress...:  82%|â–ˆâ–ˆâ–ˆâ–ˆâ–ˆâ–ˆâ–ˆâ–ˆâ– | 41/50 [00:05<00:01,  7.79it/s][A

Progress...:  84%|â–ˆâ–ˆâ–ˆâ–ˆâ–ˆâ–ˆâ–ˆâ–ˆâ– | 42/50 [00:05<00:01,  7.69it/s][A

Progress...:  86%|â–ˆâ–ˆâ–ˆâ–ˆâ–ˆâ–ˆâ–ˆâ–ˆâ–Œ | 43/50 [00:05<00:00,  8.15it/s][A

Progress...:  88%|â–ˆâ–ˆâ–ˆâ–ˆâ–ˆâ–ˆâ–ˆâ–ˆâ–Š | 44/50 [00:05<00:00,  8.24it/s][A

Progress...:  90%|â–ˆâ–ˆâ–ˆâ–ˆâ–ˆâ–ˆâ–ˆâ–ˆâ–ˆ | 45/50 [00:05<00:00,  8.34it/s][A

Progress...:  92%|â–ˆâ–ˆâ–ˆâ–ˆâ–ˆâ–ˆâ–ˆâ–ˆâ–ˆâ–| 46/50 [00:05<00:00,  8.03it/s][A

Progress...:  94%|â–ˆâ–ˆâ–ˆâ–ˆâ–ˆâ–ˆâ–ˆâ–ˆâ–ˆâ–| 47/50 [00:05<00:00,  7.93it/s][A

Progress...:  96%|â–ˆâ–ˆâ–ˆâ–ˆâ–ˆâ–ˆâ–ˆâ–ˆâ–ˆâ–Œ| 48/50 [00:06<00:00,  7.84it/s][A

Progress...:  98%|â–ˆâ–ˆâ–ˆâ–ˆâ–ˆâ–ˆâ–ˆâ–ˆâ–ˆâ–Š| 49/50 [00:06<00:00,  7.84it/s][A

Progress...: 100%|â–ˆâ–ˆâ–ˆâ–ˆâ–ˆâ–ˆâ–ˆâ–ˆâ–ˆâ–ˆ| 50/50 [00:06<00:00,  7.97it/s][A
Progress...: 100%|â–ˆâ–ˆâ–ˆâ–ˆâ–ˆâ–ˆâ–ˆâ–ˆâ–ˆâ–ˆ| 50/50 [00:06<00:00,  7.89it/s]

Total token top-100 BM25: 1317299
Avg token per query for top-100 BM25: 26345.98
