Java started and loaded: pyterrier.java, pyterrier.terrier.java [version=5.11 (build: craig.macdonald 2025-01-13 21:29), helper_version=0.0.8]
/home/mzaoad/re-ranker_t1/Density2R/d2R_evaluation.py:5: DeprecationWarning: Call to deprecated method pt.init(). Deprecated since version 0.11.0.
java is now started automatically with default settings. To force initialisation early, run:
pt.java.init() # optional, forces java initialisation
  pt.init()
[nltk_data] Downloading package punkt to /home/mzaoad/nltk_data...
[nltk_data]   Package punkt is already up-to-date!
Dataset: irds:beir/nfcorpus
Test Dataset: irds:beir/nfcorpus/test
TOP_K=1000
Run 1:
------
*** self.DEVICE: cuda ***


pt.Experiment:   0%|          | 0/1 [00:00<?, ?system/s]

Progress...:   0%|          | 0/308 [00:00<?, ?it/s][A

Progress...:   0%|          | 1/308 [00:00<00:47,  6.42it/s][A

Progress...:   1%|          | 2/308 [00:00<00:43,  7.08it/s][A

Progress...:   1%|          | 3/308 [00:00<00:42,  7.14it/s][A

Progress...:   1%|â–         | 4/308 [00:00<00:41,  7.32it/s][A

Progress...:   2%|â–         | 5/308 [00:00<00:39,  7.58it/s][A

Progress...:   2%|â–         | 6/308 [00:00<00:40,  7.45it/s][A

Progress...:   2%|â–         | 7/308 [00:00<00:39,  7.53it/s][A

Progress...:   3%|â–Ž         | 8/308 [00:01<00:39,  7.53it/s][A

Progress...:   3%|â–Ž         | 9/308 [00:01<00:39,  7.49it/s][A

Progress...:   3%|â–Ž         | 10/308 [00:01<00:40,  7.32it/s][A

Progress...:   4%|â–Ž         | 11/308 [00:01<00:40,  7.27it/s][A

Progress...:   4%|â–         | 12/308 [00:01<00:39,  7.47it/s][A

Progress...:   4%|â–         | 13/308 [00:01<00:39,  7.48it/s][A

Progress...:   5%|â–         | 14/308 [00:01<00:38,  7.72it/s][A

Progress...:   5%|â–         | 15/308 [00:02<00:37,  7.80it/s][A

Progress...:   5%|â–Œ         | 16/308 [00:02<00:37,  7.75it/s][A

Progress...:   6%|â–Œ         | 17/308 [00:02<00:38,  7.63it/s][A

Progress...:   6%|â–Œ         | 18/308 [00:02<00:37,  7.68it/s][A

Progress...:   6%|â–Œ         | 19/308 [00:02<00:37,  7.69it/s][A

Progress...:   6%|â–‹         | 20/308 [00:02<00:37,  7.74it/s][A

Progress...:   7%|â–‹         | 21/308 [00:02<00:36,  7.87it/s][A

Progress...:   7%|â–‹         | 22/308 [00:02<00:35,  7.98it/s][A

Progress...:   7%|â–‹         | 23/308 [00:03<00:35,  8.02it/s][A

Progress...:   8%|â–Š         | 24/308 [00:03<00:36,  7.85it/s][A

Progress...:   8%|â–Š         | 25/308 [00:03<00:36,  7.79it/s][A

Progress...:   8%|â–Š         | 26/308 [00:03<00:36,  7.71it/s][A

Progress...:   9%|â–‰         | 27/308 [00:03<00:36,  7.60it/s][A

Progress...:   9%|â–‰         | 28/308 [00:03<00:36,  7.62it/s][A

Progress...:   9%|â–‰         | 29/308 [00:03<00:36,  7.55it/s][A

Progress...:  10%|â–‰         | 30/308 [00:03<00:36,  7.53it/s][A

Progress...:  10%|â–ˆ         | 31/308 [00:04<00:36,  7.56it/s][A

Progress...:  10%|â–ˆ         | 32/308 [00:04<00:36,  7.62it/s][A

Progress...:  11%|â–ˆ         | 33/308 [00:04<00:36,  7.57it/s][A

Progress...:  11%|â–ˆ         | 34/308 [00:04<00:35,  7.63it/s][A

Progress...:  11%|â–ˆâ–        | 35/308 [00:04<00:35,  7.73it/s][A

Progress...:  12%|â–ˆâ–        | 36/308 [00:04<00:36,  7.53it/s][A

Progress...:  12%|â–ˆâ–        | 37/308 [00:04<00:35,  7.59it/s][A

Progress...:  12%|â–ˆâ–        | 38/308 [00:05<00:35,  7.65it/s][A

Progress...:  13%|â–ˆâ–Ž        | 39/308 [00:05<00:35,  7.56it/s][A

Progress...:  13%|â–ˆâ–Ž        | 41/308 [00:05<00:30,  8.71it/s][A

Progress...:  14%|â–ˆâ–Ž        | 42/308 [00:05<00:31,  8.45it/s][A

Progress...:  14%|â–ˆâ–        | 44/308 [00:05<00:27,  9.62it/s][A

Progress...:  15%|â–ˆâ–        | 45/308 [00:05<00:28,  9.13it/s][A

Progress...:  16%|â–ˆâ–Œ        | 48/308 [00:05<00:20, 12.83it/s][A

Progress...:  16%|â–ˆâ–Œ        | 50/308 [00:06<00:19, 13.25it/s][A

Progress...:  18%|â–ˆâ–Š        | 55/308 [00:06<00:13, 18.61it/s][A

Progress...:  19%|â–ˆâ–Š        | 57/308 [00:06<00:14, 16.88it/s][A

Progress...:  20%|â–ˆâ–‰        | 61/308 [00:06<00:14, 16.93it/s][A

Progress...:  20%|â–ˆâ–ˆ        | 63/308 [00:06<00:18, 13.50it/s][A

Progress...:  21%|â–ˆâ–ˆ        | 65/308 [00:07<00:18, 13.03it/s][A

Progress...:  22%|â–ˆâ–ˆâ–       | 67/308 [00:07<00:17, 13.56it/s][A

Progress...:  22%|â–ˆâ–ˆâ–       | 69/308 [00:07<00:21, 11.10it/s][A

Progress...:  23%|â–ˆâ–ˆâ–Ž       | 71/308 [00:07<00:19, 11.94it/s][A

Progress...:  24%|â–ˆâ–ˆâ–Ž       | 73/308 [00:07<00:18, 12.51it/s][A

Progress...:  24%|â–ˆâ–ˆâ–       | 75/308 [00:07<00:18, 12.72it/s][A

Progress...:  27%|â–ˆâ–ˆâ–‹       | 82/308 [00:07<00:09, 24.27it/s][A

Progress...:  28%|â–ˆâ–ˆâ–Š       | 85/308 [00:08<00:09, 24.10it/s][A

Progress...:  29%|â–ˆâ–ˆâ–Š       | 88/308 [00:08<00:12, 17.54it/s][A

Progress...:  30%|â–ˆâ–ˆâ–‰       | 92/308 [00:08<00:12, 17.94it/s][A

Progress...:  31%|â–ˆâ–ˆâ–ˆ       | 95/308 [00:08<00:11, 17.82it/s][A

Progress...:  32%|â–ˆâ–ˆâ–ˆâ–      | 98/308 [00:08<00:12, 16.97it/s][A

Progress...:  32%|â–ˆâ–ˆâ–ˆâ–      | 100/308 [00:09<00:12, 16.69it/s][A

Progress...:  33%|â–ˆâ–ˆâ–ˆâ–Ž      | 102/308 [00:09<00:14, 14.28it/s][A

Progress...:  34%|â–ˆâ–ˆâ–ˆâ–      | 105/308 [00:09<00:13, 15.40it/s][A

Progress...:  35%|â–ˆâ–ˆâ–ˆâ–      | 107/308 [00:09<00:14, 14.32it/s][A

Progress...:  35%|â–ˆâ–ˆâ–ˆâ–Œ      | 109/308 [00:09<00:13, 15.00it/s][A

Progress...:  36%|â–ˆâ–ˆâ–ˆâ–Œ      | 111/308 [00:09<00:14, 13.14it/s][A

Progress...:  37%|â–ˆâ–ˆâ–ˆâ–‹      | 113/308 [00:10<00:15, 12.63it/s][A

Progress...:  37%|â–ˆâ–ˆâ–ˆâ–‹      | 115/308 [00:10<00:14, 13.21it/s][A

Progress...:  38%|â–ˆâ–ˆâ–ˆâ–Š      | 118/308 [00:10<00:11, 16.74it/s][A

Progress...:  39%|â–ˆâ–ˆâ–ˆâ–‰      | 120/308 [00:10<00:12, 15.43it/s][A

Progress...:  40%|â–ˆâ–ˆâ–ˆâ–‰      | 122/308 [00:10<00:15, 12.13it/s][A

Progress...:  40%|â–ˆâ–ˆâ–ˆâ–ˆ      | 124/308 [00:10<00:15, 12.03it/s][A

Progress...:  41%|â–ˆâ–ˆâ–ˆâ–ˆ      | 126/308 [00:11<00:16, 11.14it/s][A

Progress...:  42%|â–ˆâ–ˆâ–ˆâ–ˆâ–     | 128/308 [00:11<00:15, 11.92it/s][A

Progress...:  43%|â–ˆâ–ˆâ–ˆâ–ˆâ–Ž     | 133/308 [00:11<00:10, 17.13it/s][A

Progress...:  44%|â–ˆâ–ˆâ–ˆâ–ˆâ–     | 135/308 [00:11<00:13, 13.20it/s][A

Progress...:  45%|â–ˆâ–ˆâ–ˆâ–ˆâ–Œ     | 139/308 [00:11<00:11, 14.88it/s][A

Progress...:  46%|â–ˆâ–ˆâ–ˆâ–ˆâ–Œ     | 141/308 [00:12<00:12, 13.75it/s][A

Progress...:  46%|â–ˆâ–ˆâ–ˆâ–ˆâ–‹     | 143/308 [00:12<00:12, 13.72it/s][A

Progress...:  47%|â–ˆâ–ˆâ–ˆâ–ˆâ–‹     | 145/308 [00:12<00:14, 11.48it/s][A

Progress...:  48%|â–ˆâ–ˆâ–ˆâ–ˆâ–Š     | 147/308 [00:12<00:13, 11.99it/s][A

Progress...:  48%|â–ˆâ–ˆâ–ˆâ–ˆâ–Š     | 149/308 [00:12<00:13, 11.99it/s][A

Progress...:  49%|â–ˆâ–ˆâ–ˆâ–ˆâ–‰     | 151/308 [00:13<00:15, 10.23it/s][A

Progress...:  50%|â–ˆâ–ˆâ–ˆâ–ˆâ–‰     | 153/308 [00:13<00:13, 11.12it/s][A

Progress...:  50%|â–ˆâ–ˆâ–ˆâ–ˆâ–ˆ     | 155/308 [00:13<00:12, 11.87it/s][A

Progress...:  51%|â–ˆâ–ˆâ–ˆâ–ˆâ–ˆ     | 157/308 [00:13<00:12, 12.19it/s][A

Progress...:  52%|â–ˆâ–ˆâ–ˆâ–ˆâ–ˆâ–    | 159/308 [00:13<00:11, 12.69it/s][A

Progress...:  52%|â–ˆâ–ˆâ–ˆâ–ˆâ–ˆâ–    | 161/308 [00:13<00:10, 13.39it/s][A

Progress...:  53%|â–ˆâ–ˆâ–ˆâ–ˆâ–ˆâ–Ž    | 163/308 [00:13<00:10, 13.72it/s][A

Progress...:  54%|â–ˆâ–ˆâ–ˆâ–ˆâ–ˆâ–Ž    | 165/308 [00:14<00:11, 12.25it/s][A

Progress...:  54%|â–ˆâ–ˆâ–ˆâ–ˆâ–ˆâ–    | 167/308 [00:14<00:11, 12.63it/s][A

Progress...:  56%|â–ˆâ–ˆâ–ˆâ–ˆâ–ˆâ–Œ    | 172/308 [00:14<00:07, 17.20it/s][A

Progress...:  57%|â–ˆâ–ˆâ–ˆâ–ˆâ–ˆâ–‹    | 177/308 [00:14<00:06, 20.69it/s][A

Progress...:  58%|â–ˆâ–ˆâ–ˆâ–ˆâ–ˆâ–Š    | 180/308 [00:14<00:07, 18.05it/s][A

Progress...:  59%|â–ˆâ–ˆâ–ˆâ–ˆâ–ˆâ–‰    | 182/308 [00:15<00:07, 17.01it/s][A

Progress...:  60%|â–ˆâ–ˆâ–ˆâ–ˆâ–ˆâ–‰    | 184/308 [00:15<00:07, 16.53it/s][A

Progress...:  61%|â–ˆâ–ˆâ–ˆâ–ˆâ–ˆâ–ˆ    | 188/308 [00:15<00:05, 21.36it/s][A

Progress...:  63%|â–ˆâ–ˆâ–ˆâ–ˆâ–ˆâ–ˆâ–Ž   | 194/308 [00:15<00:03, 29.16it/s][A

Progress...:  64%|â–ˆâ–ˆâ–ˆâ–ˆâ–ˆâ–ˆâ–   | 198/308 [00:15<00:05, 18.44it/s][A

Progress...:  65%|â–ˆâ–ˆâ–ˆâ–ˆâ–ˆâ–ˆâ–Œ   | 201/308 [00:16<00:06, 16.42it/s][A

Progress...:  66%|â–ˆâ–ˆâ–ˆâ–ˆâ–ˆâ–ˆâ–Œ   | 204/308 [00:16<00:08, 12.58it/s][A

Progress...:  67%|â–ˆâ–ˆâ–ˆâ–ˆâ–ˆâ–ˆâ–‹   | 206/308 [00:16<00:07, 12.83it/s][A

Progress...:  68%|â–ˆâ–ˆâ–ˆâ–ˆâ–ˆâ–ˆâ–Š   | 208/308 [00:16<00:09, 10.89it/s][A

Progress...:  68%|â–ˆâ–ˆâ–ˆâ–ˆâ–ˆâ–ˆâ–Š   | 210/308 [00:17<00:09,  9.95it/s][A

Progress...:  69%|â–ˆâ–ˆâ–ˆâ–ˆâ–ˆâ–ˆâ–‰   | 212/308 [00:17<00:10,  9.20it/s][A

Progress...:  69%|â–ˆâ–ˆâ–ˆâ–ˆâ–ˆâ–ˆâ–‰   | 214/308 [00:17<00:10,  8.69it/s][A

Progress...:  70%|â–ˆâ–ˆâ–ˆâ–ˆâ–ˆâ–ˆâ–‰   | 215/308 [00:17<00:11,  8.41it/s][A

Progress...:  70%|â–ˆâ–ˆâ–ˆâ–ˆâ–ˆâ–ˆâ–ˆ   | 216/308 [00:17<00:11,  8.31it/s][A

Progress...:  70%|â–ˆâ–ˆâ–ˆâ–ˆâ–ˆâ–ˆâ–ˆ   | 217/308 [00:18<00:11,  8.14it/s][A

Progress...:  71%|â–ˆâ–ˆâ–ˆâ–ˆâ–ˆâ–ˆâ–ˆ   | 218/308 [00:18<00:11,  7.88it/s][A

Progress...:  71%|â–ˆâ–ˆâ–ˆâ–ˆâ–ˆâ–ˆâ–ˆ   | 219/308 [00:18<00:11,  7.71it/s][A

Progress...:  71%|â–ˆâ–ˆâ–ˆâ–ˆâ–ˆâ–ˆâ–ˆâ–  | 220/308 [00:18<00:11,  7.61it/s][A

Progress...:  72%|â–ˆâ–ˆâ–ˆâ–ˆâ–ˆâ–ˆâ–ˆâ–  | 221/308 [00:18<00:11,  7.54it/s][A

Progress...:  72%|â–ˆâ–ˆâ–ˆâ–ˆâ–ˆâ–ˆâ–ˆâ–  | 222/308 [00:18<00:11,  7.56it/s][A

Progress...:  72%|â–ˆâ–ˆâ–ˆâ–ˆâ–ˆâ–ˆâ–ˆâ–  | 223/308 [00:18<00:11,  7.56it/s][A

Progress...:  73%|â–ˆâ–ˆâ–ˆâ–ˆâ–ˆâ–ˆâ–ˆâ–Ž  | 224/308 [00:19<00:11,  7.40it/s][A

Progress...:  73%|â–ˆâ–ˆâ–ˆâ–ˆâ–ˆâ–ˆâ–ˆâ–Ž  | 225/308 [00:19<00:11,  7.40it/s][A

Progress...:  73%|â–ˆâ–ˆâ–ˆâ–ˆâ–ˆâ–ˆâ–ˆâ–Ž  | 226/308 [00:19<00:10,  7.49it/s][A

Progress...:  74%|â–ˆâ–ˆâ–ˆâ–ˆâ–ˆâ–ˆâ–ˆâ–Ž  | 227/308 [00:19<00:10,  7.50it/s][A

Progress...:  74%|â–ˆâ–ˆâ–ˆâ–ˆâ–ˆâ–ˆâ–ˆâ–  | 228/308 [00:19<00:10,  7.55it/s][A

Progress...:  74%|â–ˆâ–ˆâ–ˆâ–ˆâ–ˆâ–ˆâ–ˆâ–  | 229/308 [00:19<00:09,  8.00it/s][A

Progress...:  75%|â–ˆâ–ˆâ–ˆâ–ˆâ–ˆâ–ˆâ–ˆâ–  | 230/308 [00:19<00:10,  7.79it/s][A

Progress...:  75%|â–ˆâ–ˆâ–ˆâ–ˆâ–ˆâ–ˆâ–ˆâ–Œ  | 231/308 [00:19<00:09,  7.78it/s][A

Progress...:  75%|â–ˆâ–ˆâ–ˆâ–ˆâ–ˆâ–ˆâ–ˆâ–Œ  | 232/308 [00:20<00:09,  7.76it/s][A

Progress...:  76%|â–ˆâ–ˆâ–ˆâ–ˆâ–ˆâ–ˆâ–ˆâ–Œ  | 233/308 [00:20<00:09,  7.70it/s][A

Progress...:  76%|â–ˆâ–ˆâ–ˆâ–ˆâ–ˆâ–ˆâ–ˆâ–Œ  | 234/308 [00:20<00:09,  7.58it/s][A

Progress...:  76%|â–ˆâ–ˆâ–ˆâ–ˆâ–ˆâ–ˆâ–ˆâ–‹  | 235/308 [00:20<00:09,  7.65it/s][A

Progress...:  77%|â–ˆâ–ˆâ–ˆâ–ˆâ–ˆâ–ˆâ–ˆâ–‹  | 236/308 [00:20<00:09,  7.62it/s][A

Progress...:  77%|â–ˆâ–ˆâ–ˆâ–ˆâ–ˆâ–ˆâ–ˆâ–‹  | 237/308 [00:20<00:09,  7.53it/s][A

Progress...:  77%|â–ˆâ–ˆâ–ˆâ–ˆâ–ˆâ–ˆâ–ˆâ–‹  | 238/308 [00:20<00:09,  7.51it/s][A

Progress...:  78%|â–ˆâ–ˆâ–ˆâ–ˆâ–ˆâ–ˆâ–ˆâ–Š  | 239/308 [00:20<00:09,  7.50it/s][A

Progress...:  78%|â–ˆâ–ˆâ–ˆâ–ˆâ–ˆâ–ˆâ–ˆâ–Š  | 240/308 [00:21<00:08,  7.57it/s][A

Progress...:  78%|â–ˆâ–ˆâ–ˆâ–ˆâ–ˆâ–ˆâ–ˆâ–Š  | 241/308 [00:21<00:08,  7.57it/s][A

Progress...:  79%|â–ˆâ–ˆâ–ˆâ–ˆâ–ˆâ–ˆâ–ˆâ–Š  | 242/308 [00:21<00:08,  7.44it/s][A

Progress...:  79%|â–ˆâ–ˆâ–ˆâ–ˆâ–ˆâ–ˆâ–ˆâ–‰  | 243/308 [00:21<00:08,  7.53it/s][A

Progress...:  79%|â–ˆâ–ˆâ–ˆâ–ˆâ–ˆâ–ˆâ–ˆâ–‰  | 244/308 [00:21<00:08,  7.37it/s][A

Progress...:  80%|â–ˆâ–ˆâ–ˆâ–ˆâ–ˆâ–ˆâ–ˆâ–‰  | 245/308 [00:21<00:08,  7.48it/s][A

Progress...:  80%|â–ˆâ–ˆâ–ˆâ–ˆâ–ˆâ–ˆâ–ˆâ–‰  | 246/308 [00:21<00:08,  7.21it/s][A

Progress...:  81%|â–ˆâ–ˆâ–ˆâ–ˆâ–ˆâ–ˆâ–ˆâ–ˆ  | 248/308 [00:22<00:07,  8.33it/s][A

Progress...:  81%|â–ˆâ–ˆâ–ˆâ–ˆâ–ˆâ–ˆâ–ˆâ–ˆ  | 249/308 [00:22<00:07,  8.02it/s][A

Progress...:  81%|â–ˆâ–ˆâ–ˆâ–ˆâ–ˆâ–ˆâ–ˆâ–ˆ  | 250/308 [00:22<00:07,  8.01it/s][A

Progress...:  81%|â–ˆâ–ˆâ–ˆâ–ˆâ–ˆâ–ˆâ–ˆâ–ˆâ– | 251/308 [00:22<00:07,  7.73it/s][A

Progress...:  82%|â–ˆâ–ˆâ–ˆâ–ˆâ–ˆâ–ˆâ–ˆâ–ˆâ– | 254/308 [00:22<00:05, 10.12it/s][A

Progress...:  83%|â–ˆâ–ˆâ–ˆâ–ˆâ–ˆâ–ˆâ–ˆâ–ˆâ–Ž | 255/308 [00:22<00:05,  9.43it/s][A

Progress...:  83%|â–ˆâ–ˆâ–ˆâ–ˆâ–ˆâ–ˆâ–ˆâ–ˆâ–Ž | 256/308 [00:22<00:05,  9.16it/s][A

Progress...:  83%|â–ˆâ–ˆâ–ˆâ–ˆâ–ˆâ–ˆâ–ˆâ–ˆâ–Ž | 257/308 [00:23<00:06,  8.45it/s][A

Progress...:  84%|â–ˆâ–ˆâ–ˆâ–ˆâ–ˆâ–ˆâ–ˆâ–ˆâ– | 258/308 [00:23<00:06,  8.22it/s][A

Progress...:  84%|â–ˆâ–ˆâ–ˆâ–ˆâ–ˆâ–ˆâ–ˆâ–ˆâ– | 259/308 [00:23<00:06,  7.99it/s][A

Progress...:  84%|â–ˆâ–ˆâ–ˆâ–ˆâ–ˆâ–ˆâ–ˆâ–ˆâ– | 260/308 [00:23<00:06,  7.76it/s][A

Progress...:  85%|â–ˆâ–ˆâ–ˆâ–ˆâ–ˆâ–ˆâ–ˆâ–ˆâ– | 261/308 [00:23<00:05,  7.86it/s][A

Progress...:  85%|â–ˆâ–ˆâ–ˆâ–ˆâ–ˆâ–ˆâ–ˆâ–ˆâ–Œ | 263/308 [00:23<00:05,  8.80it/s][A

Progress...:  86%|â–ˆâ–ˆâ–ˆâ–ˆâ–ˆâ–ˆâ–ˆâ–ˆâ–Œ | 264/308 [00:24<00:05,  8.23it/s][A

Progress...:  86%|â–ˆâ–ˆâ–ˆâ–ˆâ–ˆâ–ˆâ–ˆâ–ˆâ–Œ | 265/308 [00:24<00:05,  8.34it/s][A

Progress...:  86%|â–ˆâ–ˆâ–ˆâ–ˆâ–ˆâ–ˆâ–ˆâ–ˆâ–‹ | 266/308 [00:24<00:05,  8.16it/s][A

Progress...:  87%|â–ˆâ–ˆâ–ˆâ–ˆâ–ˆâ–ˆâ–ˆâ–ˆâ–‹ | 268/308 [00:24<00:04,  9.30it/s][A

Progress...:  88%|â–ˆâ–ˆâ–ˆâ–ˆâ–ˆâ–ˆâ–ˆâ–ˆâ–Š | 270/308 [00:24<00:03,  9.54it/s][A

Progress...:  88%|â–ˆâ–ˆâ–ˆâ–ˆâ–ˆâ–ˆâ–ˆâ–ˆâ–Š | 271/308 [00:24<00:04,  8.91it/s][A

Progress...:  88%|â–ˆâ–ˆâ–ˆâ–ˆâ–ˆâ–ˆâ–ˆâ–ˆâ–Š | 272/308 [00:24<00:04,  8.72it/s][A

Progress...:  89%|â–ˆâ–ˆâ–ˆâ–ˆâ–ˆâ–ˆâ–ˆâ–ˆâ–Š | 273/308 [00:25<00:04,  8.31it/s][A

Progress...:  89%|â–ˆâ–ˆâ–ˆâ–ˆâ–ˆâ–ˆâ–ˆâ–ˆâ–‰ | 275/308 [00:25<00:03,  9.90it/s][A

Progress...:  90%|â–ˆâ–ˆâ–ˆâ–ˆâ–ˆâ–ˆâ–ˆâ–ˆâ–‰ | 276/308 [00:25<00:03,  9.36it/s][A

Progress...:  90%|â–ˆâ–ˆâ–ˆâ–ˆâ–ˆâ–ˆâ–ˆâ–ˆâ–‰ | 277/308 [00:25<00:03,  9.01it/s][A

Progress...:  90%|â–ˆâ–ˆâ–ˆâ–ˆâ–ˆâ–ˆâ–ˆâ–ˆâ–ˆ | 278/308 [00:25<00:03,  8.76it/s][A

Progress...:  91%|â–ˆâ–ˆâ–ˆâ–ˆâ–ˆâ–ˆâ–ˆâ–ˆâ–ˆ | 279/308 [00:25<00:03,  8.22it/s][A

Progress...:  91%|â–ˆâ–ˆâ–ˆâ–ˆâ–ˆâ–ˆâ–ˆâ–ˆâ–ˆ | 280/308 [00:25<00:03,  8.06it/s][A

Progress...:  91%|â–ˆâ–ˆâ–ˆâ–ˆâ–ˆâ–ˆâ–ˆâ–ˆâ–ˆ | 281/308 [00:25<00:03,  8.05it/s][A

Progress...:  92%|â–ˆâ–ˆâ–ˆâ–ˆâ–ˆâ–ˆâ–ˆâ–ˆâ–ˆâ–| 282/308 [00:26<00:03,  7.98it/s][A

Progress...:  92%|â–ˆâ–ˆâ–ˆâ–ˆâ–ˆâ–ˆâ–ˆâ–ˆâ–ˆâ–| 283/308 [00:26<00:03,  8.06it/s][A

Progress...:  92%|â–ˆâ–ˆâ–ˆâ–ˆâ–ˆâ–ˆâ–ˆâ–ˆâ–ˆâ–| 284/308 [00:26<00:03,  7.80it/s][A

Progress...:  93%|â–ˆâ–ˆâ–ˆâ–ˆâ–ˆâ–ˆâ–ˆâ–ˆâ–ˆâ–Ž| 286/308 [00:26<00:02,  8.16it/s][A

Progress...:  94%|â–ˆâ–ˆâ–ˆâ–ˆâ–ˆâ–ˆâ–ˆâ–ˆâ–ˆâ–Ž| 288/308 [00:26<00:02,  8.47it/s][A

Progress...:  94%|â–ˆâ–ˆâ–ˆâ–ˆâ–ˆâ–ˆâ–ˆâ–ˆâ–ˆâ–| 289/308 [00:26<00:02,  8.19it/s][A

Progress...:  94%|â–ˆâ–ˆâ–ˆâ–ˆâ–ˆâ–ˆâ–ˆâ–ˆâ–ˆâ–| 291/308 [00:27<00:01,  9.34it/s][A

Progress...:  95%|â–ˆâ–ˆâ–ˆâ–ˆâ–ˆâ–ˆâ–ˆâ–ˆâ–ˆâ–| 292/308 [00:27<00:01,  9.09it/s][A

Progress...:  95%|â–ˆâ–ˆâ–ˆâ–ˆâ–ˆâ–ˆâ–ˆâ–ˆâ–ˆâ–Œ| 293/308 [00:27<00:01,  8.62it/s][A

Progress...:  95%|â–ˆâ–ˆâ–ˆâ–ˆâ–ˆâ–ˆâ–ˆâ–ˆâ–ˆâ–Œ| 294/308 [00:27<00:01,  8.15it/s][A

Progress...:  96%|â–ˆâ–ˆâ–ˆâ–ˆâ–ˆâ–ˆâ–ˆâ–ˆâ–ˆâ–Œ| 295/308 [00:27<00:01,  8.13it/s][A

Progress...:  96%|â–ˆâ–ˆâ–ˆâ–ˆâ–ˆâ–ˆâ–ˆâ–ˆâ–ˆâ–Œ| 296/308 [00:27<00:01,  7.83it/s][A

Progress...:  96%|â–ˆâ–ˆâ–ˆâ–ˆâ–ˆâ–ˆâ–ˆâ–ˆâ–ˆâ–‹| 297/308 [00:27<00:01,  7.81it/s][A

Progress...:  97%|â–ˆâ–ˆâ–ˆâ–ˆâ–ˆâ–ˆâ–ˆâ–ˆâ–ˆâ–‹| 299/308 [00:28<00:00,  9.51it/s][A

Progress...:  97%|â–ˆâ–ˆâ–ˆâ–ˆâ–ˆâ–ˆâ–ˆâ–ˆâ–ˆâ–‹| 300/308 [00:28<00:00,  9.04it/s][A

Progress...:  98%|â–ˆâ–ˆâ–ˆâ–ˆâ–ˆâ–ˆâ–ˆâ–ˆâ–ˆâ–Š| 301/308 [00:28<00:00,  8.62it/s][A

Progress...:  98%|â–ˆâ–ˆâ–ˆâ–ˆâ–ˆâ–ˆâ–ˆâ–ˆâ–ˆâ–Š| 302/308 [00:28<00:00,  8.30it/s][A

Progress...:  98%|â–ˆâ–ˆâ–ˆâ–ˆâ–ˆâ–ˆâ–ˆâ–ˆâ–ˆâ–Š| 303/308 [00:28<00:00,  8.00it/s][A

Progress...:  99%|â–ˆâ–ˆâ–ˆâ–ˆâ–ˆâ–ˆâ–ˆâ–ˆâ–ˆâ–Š| 304/308 [00:28<00:00,  7.85it/s][A

Progress...:  99%|â–ˆâ–ˆâ–ˆâ–ˆâ–ˆâ–ˆâ–ˆâ–ˆâ–ˆâ–‰| 305/308 [00:28<00:00,  7.67it/s][A

Progress...:  99%|â–ˆâ–ˆâ–ˆâ–ˆâ–ˆâ–ˆâ–ˆâ–ˆâ–ˆâ–‰| 306/308 [00:28<00:00,  7.70it/s][A

Progress...: 100%|â–ˆâ–ˆâ–ˆâ–ˆâ–ˆâ–ˆâ–ˆâ–ˆâ–ˆâ–‰| 307/308 [00:29<00:00,  7.52it/s][A

Progress...: 100%|â–ˆâ–ˆâ–ˆâ–ˆâ–ˆâ–ˆâ–ˆâ–ˆâ–ˆâ–ˆ| 308/308 [00:29<00:00,  7.69it/s][A
Progress...: 100%|â–ˆâ–ˆâ–ˆâ–ˆâ–ˆâ–ˆâ–ˆâ–ˆâ–ˆâ–ˆ| 308/308 [00:29<00:00, 10.54it/s]

Total token top-100 BM25: 5895129
Avg token per query for top-100 BM25: 19140.02922077922
