Java started and loaded: pyterrier.java, pyterrier.terrier.java [version=5.11 (build: craig.macdonald 2025-01-13 21:29), helper_version=0.0.8]
/home/mzaoad/re-ranker_t1/Density2R/d2R_evaluation.py:5: DeprecationWarning: Call to deprecated method pt.init(). Deprecated since version 0.11.0.
java is now started automatically with default settings. To force initialisation early, run:
pt.java.init() # optional, forces java initialisation
  pt.init()
[nltk_data] Downloading package punkt to /home/mzaoad/nltk_data...
[nltk_data]   Package punkt is already up-to-date!
Dataset: irds:beir/scifact
Test Dataset: irds:beir/scifact/test
TOP_K=1000
Run 1:
------
*** self.DEVICE: cuda ***


pt.Experiment:   0%|          | 0/1 [00:00<?, ?system/s]

Progress...:   0%|          | 0/300 [00:00<?, ?it/s][A

Progress...:   0%|          | 1/300 [00:00<00:45,  6.52it/s][A

Progress...:   1%|          | 2/300 [00:00<00:40,  7.37it/s][A

Progress...:   1%|          | 3/300 [00:00<00:44,  6.69it/s][A

Progress...:   1%|â–         | 4/300 [00:00<00:46,  6.36it/s][A

Progress...:   2%|â–         | 5/300 [00:00<00:45,  6.53it/s][A

Progress...:   2%|â–         | 6/300 [00:00<00:43,  6.77it/s][A

Progress...:   2%|â–         | 7/300 [00:01<00:44,  6.61it/s][A

Progress...:   3%|â–Ž         | 8/300 [00:01<00:40,  7.12it/s][A

Progress...:   3%|â–Ž         | 9/300 [00:01<00:39,  7.30it/s][A

Progress...:   3%|â–Ž         | 10/300 [00:01<00:41,  7.01it/s][A

Progress...:   4%|â–Ž         | 11/300 [00:01<00:41,  6.94it/s][A

Progress...:   4%|â–         | 12/300 [00:01<00:40,  7.12it/s][A

Progress...:   4%|â–         | 13/300 [00:01<00:38,  7.36it/s][A

Progress...:   5%|â–         | 14/300 [00:01<00:37,  7.54it/s][A

Progress...:   5%|â–Œ         | 15/300 [00:02<00:37,  7.69it/s][A

Progress...:   5%|â–Œ         | 16/300 [00:02<00:37,  7.67it/s][A

Progress...:   6%|â–Œ         | 17/300 [00:02<00:35,  7.86it/s][A

Progress...:   6%|â–Œ         | 18/300 [00:02<00:37,  7.47it/s][A

Progress...:   6%|â–‹         | 19/300 [00:02<00:36,  7.77it/s][A

Progress...:   7%|â–‹         | 20/300 [00:02<00:33,  8.24it/s][A

Progress...:   7%|â–‹         | 21/300 [00:02<00:36,  7.59it/s][A

Progress...:   7%|â–‹         | 22/300 [00:03<00:36,  7.54it/s][A

Progress...:   8%|â–Š         | 23/300 [00:03<00:36,  7.54it/s][A

Progress...:   8%|â–Š         | 24/300 [00:03<00:37,  7.27it/s][A

Progress...:   8%|â–Š         | 25/300 [00:03<00:37,  7.31it/s][A

Progress...:   9%|â–Š         | 26/300 [00:03<00:37,  7.35it/s][A

Progress...:   9%|â–‰         | 27/300 [00:03<00:37,  7.33it/s][A

Progress...:   9%|â–‰         | 28/300 [00:03<00:37,  7.31it/s][A

Progress...:  10%|â–‰         | 29/300 [00:03<00:36,  7.43it/s][A

Progress...:  10%|â–ˆ         | 30/300 [00:04<00:35,  7.66it/s][A

Progress...:  10%|â–ˆ         | 31/300 [00:04<00:37,  7.13it/s][A

Progress...:  11%|â–ˆ         | 32/300 [00:04<00:37,  7.17it/s][A

Progress...:  11%|â–ˆ         | 33/300 [00:04<00:36,  7.37it/s][A

Progress...:  11%|â–ˆâ–        | 34/300 [00:04<00:35,  7.58it/s][A

Progress...:  12%|â–ˆâ–        | 35/300 [00:04<00:34,  7.60it/s][A

Progress...:  12%|â–ˆâ–        | 36/300 [00:04<00:34,  7.57it/s][A

Progress...:  12%|â–ˆâ–        | 37/300 [00:05<00:36,  7.12it/s][A

Progress...:  13%|â–ˆâ–Ž        | 38/300 [00:05<00:36,  7.19it/s][A

Progress...:  13%|â–ˆâ–Ž        | 39/300 [00:05<00:37,  6.92it/s][A

Progress...:  13%|â–ˆâ–Ž        | 40/300 [00:05<00:35,  7.24it/s][A

Progress...:  14%|â–ˆâ–Ž        | 41/300 [00:05<00:34,  7.56it/s][A

Progress...:  14%|â–ˆâ–        | 42/300 [00:05<00:34,  7.40it/s][A

Progress...:  15%|â–ˆâ–        | 44/300 [00:05<00:31,  8.16it/s][A

Progress...:  15%|â–ˆâ–Œ        | 45/300 [00:06<00:32,  7.88it/s][A

Progress...:  15%|â–ˆâ–Œ        | 46/300 [00:06<00:34,  7.35it/s][A

Progress...:  16%|â–ˆâ–Œ        | 47/300 [00:06<00:34,  7.41it/s][A

Progress...:  16%|â–ˆâ–Œ        | 48/300 [00:06<00:32,  7.70it/s][A

Progress...:  16%|â–ˆâ–‹        | 49/300 [00:06<00:31,  7.96it/s][A

Progress...:  17%|â–ˆâ–‹        | 50/300 [00:06<00:30,  8.12it/s][A

Progress...:  17%|â–ˆâ–‹        | 51/300 [00:06<00:31,  7.97it/s][A

Progress...:  17%|â–ˆâ–‹        | 52/300 [00:07<00:33,  7.43it/s][A

Progress...:  18%|â–ˆâ–Š        | 53/300 [00:07<00:32,  7.54it/s][A

Progress...:  18%|â–ˆâ–Š        | 54/300 [00:07<00:32,  7.64it/s][A

Progress...:  18%|â–ˆâ–Š        | 55/300 [00:07<00:31,  7.89it/s][A

Progress...:  19%|â–ˆâ–Š        | 56/300 [00:07<00:32,  7.46it/s][A

Progress...:  19%|â–ˆâ–‰        | 57/300 [00:07<00:33,  7.29it/s][A

Progress...:  19%|â–ˆâ–‰        | 58/300 [00:07<00:32,  7.38it/s][A

Progress...:  20%|â–ˆâ–‰        | 59/300 [00:07<00:32,  7.47it/s][A

Progress...:  20%|â–ˆâ–ˆ        | 60/300 [00:08<00:32,  7.40it/s][A

Progress...:  20%|â–ˆâ–ˆ        | 61/300 [00:08<00:33,  7.13it/s][A

Progress...:  21%|â–ˆâ–ˆ        | 62/300 [00:08<00:34,  6.94it/s][A

Progress...:  21%|â–ˆâ–ˆ        | 63/300 [00:08<00:36,  6.42it/s][A

Progress...:  21%|â–ˆâ–ˆâ–       | 64/300 [00:08<00:35,  6.58it/s][A

Progress...:  22%|â–ˆâ–ˆâ–       | 65/300 [00:08<00:33,  6.96it/s][A

Progress...:  22%|â–ˆâ–ˆâ–       | 66/300 [00:08<00:31,  7.49it/s][A

Progress...:  22%|â–ˆâ–ˆâ–       | 67/300 [00:09<00:29,  7.92it/s][A

Progress...:  23%|â–ˆâ–ˆâ–Ž       | 68/300 [00:09<00:28,  8.07it/s][A

Progress...:  23%|â–ˆâ–ˆâ–Ž       | 69/300 [00:09<00:27,  8.27it/s][A

Progress...:  23%|â–ˆâ–ˆâ–Ž       | 70/300 [00:09<00:27,  8.25it/s][A

Progress...:  24%|â–ˆâ–ˆâ–Ž       | 71/300 [00:09<00:27,  8.26it/s][A

Progress...:  24%|â–ˆâ–ˆâ–       | 72/300 [00:09<00:27,  8.38it/s][A

Progress...:  24%|â–ˆâ–ˆâ–       | 73/300 [00:09<00:27,  8.29it/s][A

Progress...:  25%|â–ˆâ–ˆâ–       | 74/300 [00:09<00:28,  8.07it/s][A

Progress...:  25%|â–ˆâ–ˆâ–Œ       | 75/300 [00:10<00:30,  7.30it/s][A

Progress...:  25%|â–ˆâ–ˆâ–Œ       | 76/300 [00:10<00:32,  6.89it/s][A

Progress...:  26%|â–ˆâ–ˆâ–Œ       | 77/300 [00:10<00:30,  7.26it/s][A

Progress...:  26%|â–ˆâ–ˆâ–Œ       | 78/300 [00:10<00:29,  7.54it/s][A

Progress...:  26%|â–ˆâ–ˆâ–‹       | 79/300 [00:10<00:29,  7.58it/s][A

Progress...:  27%|â–ˆâ–ˆâ–‹       | 80/300 [00:10<00:28,  7.61it/s][A

Progress...:  27%|â–ˆâ–ˆâ–‹       | 81/300 [00:10<00:30,  7.10it/s][A

Progress...:  27%|â–ˆâ–ˆâ–‹       | 82/300 [00:11<00:30,  7.21it/s][A

Progress...:  28%|â–ˆâ–ˆâ–Š       | 83/300 [00:11<00:30,  7.14it/s][A

Progress...:  28%|â–ˆâ–ˆâ–Š       | 84/300 [00:11<00:29,  7.31it/s][A

Progress...:  28%|â–ˆâ–ˆâ–Š       | 85/300 [00:11<00:29,  7.19it/s][A

Progress...:  29%|â–ˆâ–ˆâ–Š       | 86/300 [00:11<00:30,  7.04it/s][A

Progress...:  29%|â–ˆâ–ˆâ–‰       | 87/300 [00:11<00:30,  7.01it/s][A

Progress...:  29%|â–ˆâ–ˆâ–‰       | 88/300 [00:11<00:30,  6.94it/s][A

Progress...:  30%|â–ˆâ–ˆâ–‰       | 89/300 [00:12<00:29,  7.22it/s][A

Progress...:  30%|â–ˆâ–ˆâ–ˆ       | 90/300 [00:12<00:27,  7.54it/s][A

Progress...:  30%|â–ˆâ–ˆâ–ˆ       | 91/300 [00:12<00:25,  8.05it/s][A

Progress...:  31%|â–ˆâ–ˆâ–ˆ       | 92/300 [00:12<00:25,  8.07it/s][A

Progress...:  31%|â–ˆâ–ˆâ–ˆ       | 93/300 [00:12<00:25,  8.10it/s][A

Progress...:  31%|â–ˆâ–ˆâ–ˆâ–      | 94/300 [00:12<00:25,  8.13it/s][A

Progress...:  32%|â–ˆâ–ˆâ–ˆâ–      | 95/300 [00:12<00:24,  8.48it/s][A

Progress...:  32%|â–ˆâ–ˆâ–ˆâ–      | 96/300 [00:12<00:24,  8.35it/s][A

Progress...:  32%|â–ˆâ–ˆâ–ˆâ–      | 97/300 [00:12<00:24,  8.15it/s][A

Progress...:  33%|â–ˆâ–ˆâ–ˆâ–Ž      | 98/300 [00:13<00:24,  8.27it/s][A

Progress...:  33%|â–ˆâ–ˆâ–ˆâ–Ž      | 99/300 [00:13<00:26,  7.62it/s][A

Progress...:  33%|â–ˆâ–ˆâ–ˆâ–Ž      | 100/300 [00:13<00:26,  7.42it/s][A

Progress...:  34%|â–ˆâ–ˆâ–ˆâ–Ž      | 101/300 [00:13<00:27,  7.36it/s][A

Progress...:  34%|â–ˆâ–ˆâ–ˆâ–      | 102/300 [00:13<00:26,  7.45it/s][A

Progress...:  34%|â–ˆâ–ˆâ–ˆâ–      | 103/300 [00:13<00:25,  7.83it/s][A

Progress...:  35%|â–ˆâ–ˆâ–ˆâ–      | 104/300 [00:13<00:27,  7.12it/s][A

Progress...:  35%|â–ˆâ–ˆâ–ˆâ–Œ      | 105/300 [00:14<00:28,  6.91it/s][A

Progress...:  35%|â–ˆâ–ˆâ–ˆâ–Œ      | 106/300 [00:14<00:29,  6.63it/s][A

Progress...:  36%|â–ˆâ–ˆâ–ˆâ–Œ      | 107/300 [00:14<00:30,  6.40it/s][A

Progress...:  36%|â–ˆâ–ˆâ–ˆâ–Œ      | 108/300 [00:14<00:30,  6.37it/s][A

Progress...:  36%|â–ˆâ–ˆâ–ˆâ–‹      | 109/300 [00:14<00:27,  6.85it/s][A

Progress...:  37%|â–ˆâ–ˆâ–ˆâ–‹      | 110/300 [00:14<00:26,  7.17it/s][A

Progress...:  37%|â–ˆâ–ˆâ–ˆâ–‹      | 111/300 [00:14<00:26,  7.24it/s][A

Progress...:  37%|â–ˆâ–ˆâ–ˆâ–‹      | 112/300 [00:15<00:26,  6.99it/s][A

Progress...:  38%|â–ˆâ–ˆâ–ˆâ–Š      | 113/300 [00:15<00:27,  6.87it/s][A

Progress...:  38%|â–ˆâ–ˆâ–ˆâ–Š      | 114/300 [00:15<00:27,  6.68it/s][A

Progress...:  38%|â–ˆâ–ˆâ–ˆâ–Š      | 115/300 [00:15<00:26,  7.03it/s][A

Progress...:  39%|â–ˆâ–ˆâ–ˆâ–Š      | 116/300 [00:15<00:27,  6.69it/s][A

Progress...:  39%|â–ˆâ–ˆâ–ˆâ–‰      | 117/300 [00:15<00:25,  7.15it/s][A

Progress...:  39%|â–ˆâ–ˆâ–ˆâ–‰      | 118/300 [00:15<00:24,  7.45it/s][A

Progress...:  40%|â–ˆâ–ˆâ–ˆâ–‰      | 119/300 [00:16<00:23,  7.65it/s][A

Progress...:  40%|â–ˆâ–ˆâ–ˆâ–ˆ      | 120/300 [00:16<00:24,  7.45it/s][A

Progress...:  40%|â–ˆâ–ˆâ–ˆâ–ˆ      | 121/300 [00:16<00:24,  7.41it/s][A

Progress...:  41%|â–ˆâ–ˆâ–ˆâ–ˆ      | 122/300 [00:16<00:23,  7.68it/s][A

Progress...:  41%|â–ˆâ–ˆâ–ˆâ–ˆ      | 123/300 [00:16<00:22,  7.83it/s][A

Progress...:  41%|â–ˆâ–ˆâ–ˆâ–ˆâ–     | 124/300 [00:16<00:21,  8.10it/s][A

Progress...:  42%|â–ˆâ–ˆâ–ˆâ–ˆâ–     | 125/300 [00:16<00:20,  8.34it/s][A

Progress...:  42%|â–ˆâ–ˆâ–ˆâ–ˆâ–     | 126/300 [00:16<00:22,  7.88it/s][A

Progress...:  42%|â–ˆâ–ˆâ–ˆâ–ˆâ–     | 127/300 [00:17<00:21,  7.99it/s][A

Progress...:  43%|â–ˆâ–ˆâ–ˆâ–ˆâ–Ž     | 128/300 [00:17<00:21,  7.99it/s][A

Progress...:  43%|â–ˆâ–ˆâ–ˆâ–ˆâ–Ž     | 129/300 [00:17<00:23,  7.14it/s][A

Progress...:  43%|â–ˆâ–ˆâ–ˆâ–ˆâ–Ž     | 130/300 [00:17<00:25,  6.69it/s][A

Progress...:  44%|â–ˆâ–ˆâ–ˆâ–ˆâ–Ž     | 131/300 [00:17<00:26,  6.36it/s][A

Progress...:  44%|â–ˆâ–ˆâ–ˆâ–ˆâ–     | 132/300 [00:17<00:27,  6.17it/s][A

Progress...:  44%|â–ˆâ–ˆâ–ˆâ–ˆâ–     | 133/300 [00:18<00:24,  6.75it/s][A

Progress...:  45%|â–ˆâ–ˆâ–ˆâ–ˆâ–     | 134/300 [00:18<00:25,  6.59it/s][A

Progress...:  45%|â–ˆâ–ˆâ–ˆâ–ˆâ–Œ     | 135/300 [00:18<00:25,  6.53it/s][A

Progress...:  45%|â–ˆâ–ˆâ–ˆâ–ˆâ–Œ     | 136/300 [00:18<00:24,  6.82it/s][A

Progress...:  46%|â–ˆâ–ˆâ–ˆâ–ˆâ–Œ     | 137/300 [00:18<00:23,  6.92it/s][A

Progress...:  46%|â–ˆâ–ˆâ–ˆâ–ˆâ–Œ     | 138/300 [00:18<00:24,  6.72it/s][A

Progress...:  46%|â–ˆâ–ˆâ–ˆâ–ˆâ–‹     | 139/300 [00:18<00:24,  6.65it/s][A

Progress...:  47%|â–ˆâ–ˆâ–ˆâ–ˆâ–‹     | 140/300 [00:19<00:24,  6.61it/s][A

Progress...:  47%|â–ˆâ–ˆâ–ˆâ–ˆâ–‹     | 141/300 [00:19<00:23,  6.74it/s][A

Progress...:  47%|â–ˆâ–ˆâ–ˆâ–ˆâ–‹     | 142/300 [00:19<00:23,  6.79it/s][A

Progress...:  48%|â–ˆâ–ˆâ–ˆâ–ˆâ–Š     | 143/300 [00:19<00:23,  6.77it/s][A

Progress...:  48%|â–ˆâ–ˆâ–ˆâ–ˆâ–Š     | 144/300 [00:19<00:22,  6.79it/s][A

Progress...:  48%|â–ˆâ–ˆâ–ˆâ–ˆâ–Š     | 145/300 [00:19<00:21,  7.10it/s][A

Progress...:  49%|â–ˆâ–ˆâ–ˆâ–ˆâ–Š     | 146/300 [00:19<00:22,  6.94it/s][A

Progress...:  49%|â–ˆâ–ˆâ–ˆâ–ˆâ–‰     | 147/300 [00:20<00:21,  7.27it/s][A

Progress...:  49%|â–ˆâ–ˆâ–ˆâ–ˆâ–‰     | 148/300 [00:20<00:20,  7.27it/s][A

Progress...:  50%|â–ˆâ–ˆâ–ˆâ–ˆâ–‰     | 149/300 [00:20<00:20,  7.32it/s][A

Progress...:  50%|â–ˆâ–ˆâ–ˆâ–ˆâ–ˆ     | 150/300 [00:20<00:19,  7.63it/s][A

Progress...:  50%|â–ˆâ–ˆâ–ˆâ–ˆâ–ˆ     | 151/300 [00:20<00:19,  7.81it/s][A

Progress...:  51%|â–ˆâ–ˆâ–ˆâ–ˆâ–ˆ     | 152/300 [00:20<00:18,  7.98it/s][A

Progress...:  51%|â–ˆâ–ˆâ–ˆâ–ˆâ–ˆ     | 153/300 [00:20<00:18,  8.05it/s][A

Progress...:  51%|â–ˆâ–ˆâ–ˆâ–ˆâ–ˆâ–    | 154/300 [00:20<00:18,  8.02it/s][A

Progress...:  52%|â–ˆâ–ˆâ–ˆâ–ˆâ–ˆâ–    | 155/300 [00:21<00:18,  7.92it/s][A

Progress...:  52%|â–ˆâ–ˆâ–ˆâ–ˆâ–ˆâ–    | 156/300 [00:21<00:17,  8.12it/s][A

Progress...:  52%|â–ˆâ–ˆâ–ˆâ–ˆâ–ˆâ–    | 157/300 [00:21<00:19,  7.36it/s][A

Progress...:  53%|â–ˆâ–ˆâ–ˆâ–ˆâ–ˆâ–Ž    | 158/300 [00:21<00:20,  6.96it/s][A

Progress...:  53%|â–ˆâ–ˆâ–ˆâ–ˆâ–ˆâ–Ž    | 159/300 [00:21<00:19,  7.17it/s][A

Progress...:  53%|â–ˆâ–ˆâ–ˆâ–ˆâ–ˆâ–Ž    | 160/300 [00:21<00:20,  6.98it/s][A

Progress...:  54%|â–ˆâ–ˆâ–ˆâ–ˆâ–ˆâ–Ž    | 161/300 [00:21<00:20,  6.91it/s][A

Progress...:  54%|â–ˆâ–ˆâ–ˆâ–ˆâ–ˆâ–    | 162/300 [00:22<00:19,  7.21it/s][A

Progress...:  54%|â–ˆâ–ˆâ–ˆâ–ˆâ–ˆâ–    | 163/300 [00:22<00:18,  7.52it/s][A

Progress...:  55%|â–ˆâ–ˆâ–ˆâ–ˆâ–ˆâ–    | 164/300 [00:22<00:18,  7.24it/s][A

Progress...:  55%|â–ˆâ–ˆâ–ˆâ–ˆâ–ˆâ–Œ    | 166/300 [00:22<00:18,  7.28it/s][A

Progress...:  56%|â–ˆâ–ˆâ–ˆâ–ˆâ–ˆâ–Œ    | 167/300 [00:22<00:17,  7.42it/s][A

Progress...:  56%|â–ˆâ–ˆâ–ˆâ–ˆâ–ˆâ–Œ    | 168/300 [00:22<00:17,  7.74it/s][A

Progress...:  56%|â–ˆâ–ˆâ–ˆâ–ˆâ–ˆâ–‹    | 169/300 [00:22<00:16,  7.84it/s][A

Progress...:  57%|â–ˆâ–ˆâ–ˆâ–ˆâ–ˆâ–‹    | 170/300 [00:23<00:16,  7.82it/s][A

Progress...:  57%|â–ˆâ–ˆâ–ˆâ–ˆâ–ˆâ–‹    | 171/300 [00:23<00:16,  7.86it/s][A

Progress...:  57%|â–ˆâ–ˆâ–ˆâ–ˆâ–ˆâ–‹    | 172/300 [00:23<00:15,  8.11it/s][A

Progress...:  58%|â–ˆâ–ˆâ–ˆâ–ˆâ–ˆâ–Š    | 173/300 [00:23<00:15,  8.06it/s][A

Progress...:  58%|â–ˆâ–ˆâ–ˆâ–ˆâ–ˆâ–Š    | 174/300 [00:23<00:15,  8.09it/s][A

Progress...:  58%|â–ˆâ–ˆâ–ˆâ–ˆâ–ˆâ–Š    | 175/300 [00:23<00:15,  8.06it/s][A

Progress...:  59%|â–ˆâ–ˆâ–ˆâ–ˆâ–ˆâ–Š    | 176/300 [00:23<00:15,  7.99it/s][A

Progress...:  59%|â–ˆâ–ˆâ–ˆâ–ˆâ–ˆâ–‰    | 177/300 [00:23<00:15,  7.86it/s][A

Progress...:  59%|â–ˆâ–ˆâ–ˆâ–ˆâ–ˆâ–‰    | 178/300 [00:24<00:15,  7.94it/s][A

Progress...:  60%|â–ˆâ–ˆâ–ˆâ–ˆâ–ˆâ–‰    | 179/300 [00:24<00:15,  7.95it/s][A

Progress...:  60%|â–ˆâ–ˆâ–ˆâ–ˆâ–ˆâ–ˆ    | 180/300 [00:24<00:14,  8.17it/s][A

Progress...:  60%|â–ˆâ–ˆâ–ˆâ–ˆâ–ˆâ–ˆ    | 181/300 [00:24<00:14,  8.09it/s][A

Progress...:  61%|â–ˆâ–ˆâ–ˆâ–ˆâ–ˆâ–ˆ    | 182/300 [00:24<00:14,  8.07it/s][A

Progress...:  61%|â–ˆâ–ˆâ–ˆâ–ˆâ–ˆâ–ˆ    | 183/300 [00:24<00:14,  8.18it/s][A

Progress...:  61%|â–ˆâ–ˆâ–ˆâ–ˆâ–ˆâ–ˆâ–   | 184/300 [00:24<00:13,  8.39it/s][A

Progress...:  62%|â–ˆâ–ˆâ–ˆâ–ˆâ–ˆâ–ˆâ–   | 185/300 [00:24<00:13,  8.25it/s][A

Progress...:  62%|â–ˆâ–ˆâ–ˆâ–ˆâ–ˆâ–ˆâ–   | 186/300 [00:25<00:13,  8.24it/s][A

Progress...:  62%|â–ˆâ–ˆâ–ˆâ–ˆâ–ˆâ–ˆâ–   | 187/300 [00:25<00:13,  8.22it/s][A

Progress...:  63%|â–ˆâ–ˆâ–ˆâ–ˆâ–ˆâ–ˆâ–Ž   | 188/300 [00:25<00:14,  7.68it/s][A

Progress...:  63%|â–ˆâ–ˆâ–ˆâ–ˆâ–ˆâ–ˆâ–Ž   | 189/300 [00:25<00:14,  7.42it/s][A

Progress...:  63%|â–ˆâ–ˆâ–ˆâ–ˆâ–ˆâ–ˆâ–Ž   | 190/300 [00:25<00:14,  7.63it/s][A

Progress...:  64%|â–ˆâ–ˆâ–ˆâ–ˆâ–ˆâ–ˆâ–Ž   | 191/300 [00:25<00:15,  7.25it/s][A

Progress...:  64%|â–ˆâ–ˆâ–ˆâ–ˆâ–ˆâ–ˆâ–   | 192/300 [00:25<00:14,  7.30it/s][A

Progress...:  64%|â–ˆâ–ˆâ–ˆâ–ˆâ–ˆâ–ˆâ–   | 193/300 [00:26<00:14,  7.48it/s][A

Progress...:  65%|â–ˆâ–ˆâ–ˆâ–ˆâ–ˆâ–ˆâ–   | 194/300 [00:26<00:14,  7.42it/s][A

Progress...:  65%|â–ˆâ–ˆâ–ˆâ–ˆâ–ˆâ–ˆâ–Œ   | 195/300 [00:26<00:14,  7.38it/s][A

Progress...:  65%|â–ˆâ–ˆâ–ˆâ–ˆâ–ˆâ–ˆâ–Œ   | 196/300 [00:26<00:14,  7.41it/s][A

Progress...:  66%|â–ˆâ–ˆâ–ˆâ–ˆâ–ˆâ–ˆâ–Œ   | 197/300 [00:26<00:13,  7.46it/s][A

Progress...:  66%|â–ˆâ–ˆâ–ˆâ–ˆâ–ˆâ–ˆâ–Œ   | 198/300 [00:26<00:13,  7.82it/s][A

Progress...:  66%|â–ˆâ–ˆâ–ˆâ–ˆâ–ˆâ–ˆâ–‹   | 199/300 [00:26<00:12,  7.80it/s][A

Progress...:  67%|â–ˆâ–ˆâ–ˆâ–ˆâ–ˆâ–ˆâ–‹   | 200/300 [00:26<00:12,  7.94it/s][A

Progress...:  67%|â–ˆâ–ˆâ–ˆâ–ˆâ–ˆâ–ˆâ–‹   | 201/300 [00:27<00:12,  8.00it/s][A

Progress...:  67%|â–ˆâ–ˆâ–ˆâ–ˆâ–ˆâ–ˆâ–‹   | 202/300 [00:27<00:12,  8.08it/s][A

Progress...:  68%|â–ˆâ–ˆâ–ˆâ–ˆâ–ˆâ–ˆâ–Š   | 203/300 [00:27<00:13,  7.28it/s][A

Progress...:  68%|â–ˆâ–ˆâ–ˆâ–ˆâ–ˆâ–ˆâ–Š   | 204/300 [00:27<00:13,  7.26it/s][A

Progress...:  68%|â–ˆâ–ˆâ–ˆâ–ˆâ–ˆâ–ˆâ–Š   | 205/300 [00:27<00:12,  7.33it/s][A

Progress...:  69%|â–ˆâ–ˆâ–ˆâ–ˆâ–ˆâ–ˆâ–Š   | 206/300 [00:27<00:12,  7.71it/s][A

Progress...:  69%|â–ˆâ–ˆâ–ˆâ–ˆâ–ˆâ–ˆâ–‰   | 207/300 [00:27<00:11,  7.88it/s][A

Progress...:  69%|â–ˆâ–ˆâ–ˆâ–ˆâ–ˆâ–ˆâ–‰   | 208/300 [00:28<00:13,  6.94it/s][A

Progress...:  70%|â–ˆâ–ˆâ–ˆâ–ˆâ–ˆâ–ˆâ–‰   | 209/300 [00:28<00:12,  7.04it/s][A

Progress...:  70%|â–ˆâ–ˆâ–ˆâ–ˆâ–ˆâ–ˆâ–ˆ   | 210/300 [00:28<00:13,  6.62it/s][A

Progress...:  70%|â–ˆâ–ˆâ–ˆâ–ˆâ–ˆâ–ˆâ–ˆ   | 211/300 [00:28<00:12,  6.94it/s][A

Progress...:  71%|â–ˆâ–ˆâ–ˆâ–ˆâ–ˆâ–ˆâ–ˆ   | 212/300 [00:28<00:12,  7.12it/s][A

Progress...:  71%|â–ˆâ–ˆâ–ˆâ–ˆâ–ˆâ–ˆâ–ˆ   | 213/300 [00:28<00:11,  7.42it/s][A

Progress...:  71%|â–ˆâ–ˆâ–ˆâ–ˆâ–ˆâ–ˆâ–ˆâ–  | 214/300 [00:28<00:11,  7.71it/s][A

Progress...:  72%|â–ˆâ–ˆâ–ˆâ–ˆâ–ˆâ–ˆâ–ˆâ–  | 215/300 [00:29<00:12,  6.79it/s][A

Progress...:  72%|â–ˆâ–ˆâ–ˆâ–ˆâ–ˆâ–ˆâ–ˆâ–  | 216/300 [00:29<00:12,  6.93it/s][A

Progress...:  72%|â–ˆâ–ˆâ–ˆâ–ˆâ–ˆâ–ˆâ–ˆâ–  | 217/300 [00:29<00:11,  7.16it/s][A

Progress...:  73%|â–ˆâ–ˆâ–ˆâ–ˆâ–ˆâ–ˆâ–ˆâ–Ž  | 218/300 [00:29<00:11,  7.32it/s][A

Progress...:  73%|â–ˆâ–ˆâ–ˆâ–ˆâ–ˆâ–ˆâ–ˆâ–Ž  | 219/300 [00:29<00:10,  7.45it/s][A

Progress...:  73%|â–ˆâ–ˆâ–ˆâ–ˆâ–ˆâ–ˆâ–ˆâ–Ž  | 220/300 [00:29<00:10,  7.55it/s][A

Progress...:  74%|â–ˆâ–ˆâ–ˆâ–ˆâ–ˆâ–ˆâ–ˆâ–Ž  | 221/300 [00:29<00:10,  7.38it/s][A

Progress...:  74%|â–ˆâ–ˆâ–ˆâ–ˆâ–ˆâ–ˆâ–ˆâ–  | 222/300 [00:29<00:09,  7.92it/s][A

Progress...:  74%|â–ˆâ–ˆâ–ˆâ–ˆâ–ˆâ–ˆâ–ˆâ–  | 223/300 [00:30<00:09,  7.72it/s][A

Progress...:  75%|â–ˆâ–ˆâ–ˆâ–ˆâ–ˆâ–ˆâ–ˆâ–  | 224/300 [00:30<00:09,  8.05it/s][A

Progress...:  75%|â–ˆâ–ˆâ–ˆâ–ˆâ–ˆâ–ˆâ–ˆâ–Œ  | 225/300 [00:30<00:10,  7.38it/s][A

Progress...:  75%|â–ˆâ–ˆâ–ˆâ–ˆâ–ˆâ–ˆâ–ˆâ–Œ  | 226/300 [00:30<00:09,  7.56it/s][A

Progress...:  76%|â–ˆâ–ˆâ–ˆâ–ˆâ–ˆâ–ˆâ–ˆâ–Œ  | 227/300 [00:30<00:09,  7.83it/s][A

Progress...:  76%|â–ˆâ–ˆâ–ˆâ–ˆâ–ˆâ–ˆâ–ˆâ–Œ  | 228/300 [00:30<00:09,  7.42it/s][A

Progress...:  76%|â–ˆâ–ˆâ–ˆâ–ˆâ–ˆâ–ˆâ–ˆâ–‹  | 229/300 [00:30<00:09,  7.24it/s][A

Progress...:  77%|â–ˆâ–ˆâ–ˆâ–ˆâ–ˆâ–ˆâ–ˆâ–‹  | 230/300 [00:31<00:10,  6.56it/s][A

Progress...:  77%|â–ˆâ–ˆâ–ˆâ–ˆâ–ˆâ–ˆâ–ˆâ–‹  | 231/300 [00:31<00:10,  6.71it/s][A

Progress...:  77%|â–ˆâ–ˆâ–ˆâ–ˆâ–ˆâ–ˆâ–ˆâ–‹  | 232/300 [00:31<00:10,  6.33it/s][A

Progress...:  78%|â–ˆâ–ˆâ–ˆâ–ˆâ–ˆâ–ˆâ–ˆâ–Š  | 233/300 [00:31<00:09,  6.75it/s][A

Progress...:  78%|â–ˆâ–ˆâ–ˆâ–ˆâ–ˆâ–ˆâ–ˆâ–Š  | 234/300 [00:31<00:09,  7.04it/s][A

Progress...:  78%|â–ˆâ–ˆâ–ˆâ–ˆâ–ˆâ–ˆâ–ˆâ–Š  | 235/300 [00:31<00:08,  7.22it/s][A

Progress...:  79%|â–ˆâ–ˆâ–ˆâ–ˆâ–ˆâ–ˆâ–ˆâ–Š  | 236/300 [00:31<00:08,  7.63it/s][A

Progress...:  79%|â–ˆâ–ˆâ–ˆâ–ˆâ–ˆâ–ˆâ–ˆâ–‰  | 237/300 [00:32<00:08,  7.13it/s][A

Progress...:  79%|â–ˆâ–ˆâ–ˆâ–ˆâ–ˆâ–ˆâ–ˆâ–‰  | 238/300 [00:32<00:09,  6.70it/s][A

Progress...:  80%|â–ˆâ–ˆâ–ˆâ–ˆâ–ˆâ–ˆâ–ˆâ–‰  | 239/300 [00:32<00:09,  6.41it/s][A

Progress...:  80%|â–ˆâ–ˆâ–ˆâ–ˆâ–ˆâ–ˆâ–ˆâ–ˆ  | 240/300 [00:32<00:08,  6.74it/s][A

Progress...:  80%|â–ˆâ–ˆâ–ˆâ–ˆâ–ˆâ–ˆâ–ˆâ–ˆ  | 241/300 [00:32<00:08,  7.17it/s][A

Progress...:  81%|â–ˆâ–ˆâ–ˆâ–ˆâ–ˆâ–ˆâ–ˆâ–ˆ  | 242/300 [00:32<00:07,  7.35it/s][A

Progress...:  81%|â–ˆâ–ˆâ–ˆâ–ˆâ–ˆâ–ˆâ–ˆâ–ˆ  | 243/300 [00:32<00:07,  7.68it/s][A

Progress...:  81%|â–ˆâ–ˆâ–ˆâ–ˆâ–ˆâ–ˆâ–ˆâ–ˆâ– | 244/300 [00:33<00:07,  7.79it/s][A

Progress...:  82%|â–ˆâ–ˆâ–ˆâ–ˆâ–ˆâ–ˆâ–ˆâ–ˆâ– | 245/300 [00:33<00:08,  6.74it/s][A

Progress...:  82%|â–ˆâ–ˆâ–ˆâ–ˆâ–ˆâ–ˆâ–ˆâ–ˆâ– | 246/300 [00:33<00:07,  7.09it/s][A

Progress...:  82%|â–ˆâ–ˆâ–ˆâ–ˆâ–ˆâ–ˆâ–ˆâ–ˆâ– | 247/300 [00:33<00:07,  6.77it/s][A

Progress...:  83%|â–ˆâ–ˆâ–ˆâ–ˆâ–ˆâ–ˆâ–ˆâ–ˆâ–Ž | 248/300 [00:33<00:07,  7.08it/s][A

Progress...:  83%|â–ˆâ–ˆâ–ˆâ–ˆâ–ˆâ–ˆâ–ˆâ–ˆâ–Ž | 249/300 [00:33<00:07,  7.13it/s][A

Progress...:  83%|â–ˆâ–ˆâ–ˆâ–ˆâ–ˆâ–ˆâ–ˆâ–ˆâ–Ž | 250/300 [00:33<00:06,  7.18it/s][A

Progress...:  84%|â–ˆâ–ˆâ–ˆâ–ˆâ–ˆâ–ˆâ–ˆâ–ˆâ–Ž | 251/300 [00:34<00:07,  6.63it/s][A

Progress...:  84%|â–ˆâ–ˆâ–ˆâ–ˆâ–ˆâ–ˆâ–ˆâ–ˆâ– | 252/300 [00:34<00:06,  6.88it/s][A

Progress...:  84%|â–ˆâ–ˆâ–ˆâ–ˆâ–ˆâ–ˆâ–ˆâ–ˆâ– | 253/300 [00:34<00:06,  7.27it/s][A

Progress...:  85%|â–ˆâ–ˆâ–ˆâ–ˆâ–ˆâ–ˆâ–ˆâ–ˆâ– | 254/300 [00:34<00:06,  7.56it/s][A

Progress...:  85%|â–ˆâ–ˆâ–ˆâ–ˆâ–ˆâ–ˆâ–ˆâ–ˆâ–Œ | 255/300 [00:34<00:05,  7.64it/s][A

Progress...:  85%|â–ˆâ–ˆâ–ˆâ–ˆâ–ˆâ–ˆâ–ˆâ–ˆâ–Œ | 256/300 [00:34<00:05,  7.54it/s][A

Progress...:  86%|â–ˆâ–ˆâ–ˆâ–ˆâ–ˆâ–ˆâ–ˆâ–ˆâ–Œ | 257/300 [00:34<00:05,  7.70it/s][A

Progress...:  86%|â–ˆâ–ˆâ–ˆâ–ˆâ–ˆâ–ˆâ–ˆâ–ˆâ–Œ | 258/300 [00:34<00:05,  7.76it/s][A

Progress...:  86%|â–ˆâ–ˆâ–ˆâ–ˆâ–ˆâ–ˆâ–ˆâ–ˆâ–‹ | 259/300 [00:35<00:05,  7.57it/s][A

Progress...:  87%|â–ˆâ–ˆâ–ˆâ–ˆâ–ˆâ–ˆâ–ˆâ–ˆâ–‹ | 260/300 [00:35<00:05,  7.69it/s][A

Progress...:  87%|â–ˆâ–ˆâ–ˆâ–ˆâ–ˆâ–ˆâ–ˆâ–ˆâ–‹ | 261/300 [00:35<00:05,  7.64it/s][A

Progress...:  87%|â–ˆâ–ˆâ–ˆâ–ˆâ–ˆâ–ˆâ–ˆâ–ˆâ–‹ | 262/300 [00:35<00:04,  7.87it/s][A

Progress...:  88%|â–ˆâ–ˆâ–ˆâ–ˆâ–ˆâ–ˆâ–ˆâ–ˆâ–Š | 263/300 [00:35<00:04,  7.45it/s][A

Progress...:  88%|â–ˆâ–ˆâ–ˆâ–ˆâ–ˆâ–ˆâ–ˆâ–ˆâ–Š | 264/300 [00:35<00:05,  7.19it/s][A

Progress...:  88%|â–ˆâ–ˆâ–ˆâ–ˆâ–ˆâ–ˆâ–ˆâ–ˆâ–Š | 265/300 [00:35<00:04,  7.68it/s][A

Progress...:  89%|â–ˆâ–ˆâ–ˆâ–ˆâ–ˆâ–ˆâ–ˆâ–ˆâ–Š | 266/300 [00:36<00:04,  7.24it/s][A

Progress...:  89%|â–ˆâ–ˆâ–ˆâ–ˆâ–ˆâ–ˆâ–ˆâ–ˆâ–‰ | 267/300 [00:36<00:04,  7.03it/s][A

Progress...:  89%|â–ˆâ–ˆâ–ˆâ–ˆâ–ˆâ–ˆâ–ˆâ–ˆâ–‰ | 268/300 [00:36<00:04,  6.97it/s][A

Progress...:  90%|â–ˆâ–ˆâ–ˆâ–ˆâ–ˆâ–ˆâ–ˆâ–ˆâ–‰ | 269/300 [00:36<00:04,  7.31it/s][A

Progress...:  90%|â–ˆâ–ˆâ–ˆâ–ˆâ–ˆâ–ˆâ–ˆâ–ˆâ–ˆ | 270/300 [00:36<00:03,  7.59it/s][A

Progress...:  90%|â–ˆâ–ˆâ–ˆâ–ˆâ–ˆâ–ˆâ–ˆâ–ˆâ–ˆ | 271/300 [00:36<00:03,  7.89it/s][A

Progress...:  91%|â–ˆâ–ˆâ–ˆâ–ˆâ–ˆâ–ˆâ–ˆâ–ˆâ–ˆ | 272/300 [00:36<00:03,  7.17it/s][A

Progress...:  91%|â–ˆâ–ˆâ–ˆâ–ˆâ–ˆâ–ˆâ–ˆâ–ˆâ–ˆ | 273/300 [00:37<00:03,  6.78it/s][A

Progress...:  91%|â–ˆâ–ˆâ–ˆâ–ˆâ–ˆâ–ˆâ–ˆâ–ˆâ–ˆâ–| 274/300 [00:37<00:03,  7.18it/s][A

Progress...:  92%|â–ˆâ–ˆâ–ˆâ–ˆâ–ˆâ–ˆâ–ˆâ–ˆâ–ˆâ–| 275/300 [00:37<00:03,  6.79it/s][A

Progress...:  92%|â–ˆâ–ˆâ–ˆâ–ˆâ–ˆâ–ˆâ–ˆâ–ˆâ–ˆâ–| 276/300 [00:37<00:03,  6.70it/s][A

Progress...:  92%|â–ˆâ–ˆâ–ˆâ–ˆâ–ˆâ–ˆâ–ˆâ–ˆâ–ˆâ–| 277/300 [00:37<00:03,  6.66it/s][A

Progress...:  93%|â–ˆâ–ˆâ–ˆâ–ˆâ–ˆâ–ˆâ–ˆâ–ˆâ–ˆâ–Ž| 278/300 [00:37<00:03,  6.56it/s][A

Progress...:  93%|â–ˆâ–ˆâ–ˆâ–ˆâ–ˆâ–ˆâ–ˆâ–ˆâ–ˆâ–Ž| 279/300 [00:37<00:03,  6.38it/s][A

Progress...:  93%|â–ˆâ–ˆâ–ˆâ–ˆâ–ˆâ–ˆâ–ˆâ–ˆâ–ˆâ–Ž| 280/300 [00:38<00:02,  6.73it/s][A

Progress...:  94%|â–ˆâ–ˆâ–ˆâ–ˆâ–ˆâ–ˆâ–ˆâ–ˆâ–ˆâ–Ž| 281/300 [00:38<00:02,  7.21it/s][A

Progress...:  94%|â–ˆâ–ˆâ–ˆâ–ˆâ–ˆâ–ˆâ–ˆâ–ˆâ–ˆâ–| 282/300 [00:38<00:02,  7.45it/s][A

Progress...:  94%|â–ˆâ–ˆâ–ˆâ–ˆâ–ˆâ–ˆâ–ˆâ–ˆâ–ˆâ–| 283/300 [00:38<00:02,  7.70it/s][A

Progress...:  95%|â–ˆâ–ˆâ–ˆâ–ˆâ–ˆâ–ˆâ–ˆâ–ˆâ–ˆâ–| 284/300 [00:38<00:02,  7.66it/s][A

Progress...:  95%|â–ˆâ–ˆâ–ˆâ–ˆâ–ˆâ–ˆâ–ˆâ–ˆâ–ˆâ–Œ| 285/300 [00:38<00:01,  7.95it/s][A

Progress...:  95%|â–ˆâ–ˆâ–ˆâ–ˆâ–ˆâ–ˆâ–ˆâ–ˆâ–ˆâ–Œ| 286/300 [00:38<00:01,  7.68it/s][A

Progress...:  96%|â–ˆâ–ˆâ–ˆâ–ˆâ–ˆâ–ˆâ–ˆâ–ˆâ–ˆâ–Œ| 287/300 [00:38<00:01,  8.12it/s][A

Progress...:  96%|â–ˆâ–ˆâ–ˆâ–ˆâ–ˆâ–ˆâ–ˆâ–ˆâ–ˆâ–Œ| 288/300 [00:39<00:01,  7.77it/s][A

Progress...:  96%|â–ˆâ–ˆâ–ˆâ–ˆâ–ˆâ–ˆâ–ˆâ–ˆâ–ˆâ–‹| 289/300 [00:39<00:01,  7.65it/s][A

Progress...:  97%|â–ˆâ–ˆâ–ˆâ–ˆâ–ˆâ–ˆâ–ˆâ–ˆâ–ˆâ–‹| 290/300 [00:39<00:01,  7.69it/s][A

Progress...:  97%|â–ˆâ–ˆâ–ˆâ–ˆâ–ˆâ–ˆâ–ˆâ–ˆâ–ˆâ–‹| 291/300 [00:39<00:01,  6.80it/s][A

Progress...:  97%|â–ˆâ–ˆâ–ˆâ–ˆâ–ˆâ–ˆâ–ˆâ–ˆâ–ˆâ–‹| 292/300 [00:39<00:01,  6.94it/s][A

Progress...:  98%|â–ˆâ–ˆâ–ˆâ–ˆâ–ˆâ–ˆâ–ˆâ–ˆâ–ˆâ–Š| 293/300 [00:39<00:00,  7.38it/s][A

Progress...:  98%|â–ˆâ–ˆâ–ˆâ–ˆâ–ˆâ–ˆâ–ˆâ–ˆâ–ˆâ–Š| 294/300 [00:39<00:00,  7.29it/s][A

Progress...:  98%|â–ˆâ–ˆâ–ˆâ–ˆâ–ˆâ–ˆâ–ˆâ–ˆâ–ˆâ–Š| 295/300 [00:40<00:00,  7.03it/s][A

Progress...:  99%|â–ˆâ–ˆâ–ˆâ–ˆâ–ˆâ–ˆâ–ˆâ–ˆâ–ˆâ–Š| 296/300 [00:40<00:00,  6.77it/s][A

Progress...:  99%|â–ˆâ–ˆâ–ˆâ–ˆâ–ˆâ–ˆâ–ˆâ–ˆâ–ˆâ–‰| 297/300 [00:40<00:00,  6.77it/s][A

Progress...:  99%|â–ˆâ–ˆâ–ˆâ–ˆâ–ˆâ–ˆâ–ˆâ–ˆâ–ˆâ–‰| 298/300 [00:40<00:00,  7.19it/s][A

Progress...: 100%|â–ˆâ–ˆâ–ˆâ–ˆâ–ˆâ–ˆâ–ˆâ–ˆâ–ˆâ–‰| 299/300 [00:40<00:00,  7.33it/s][A

Progress...: 100%|â–ˆâ–ˆâ–ˆâ–ˆâ–ˆâ–ˆâ–ˆâ–ˆâ–ˆâ–ˆ| 300/300 [00:40<00:00,  7.53it/s][A
Progress...: 100%|â–ˆâ–ˆâ–ˆâ–ˆâ–ˆâ–ˆâ–ˆâ–ˆâ–ˆâ–ˆ| 300/300 [00:40<00:00,  7.36it/s]

Total token top-100 BM25: 7726739
Avg token per query for top-100 BM25: 25755.796666666665

