Java started and loaded: pyterrier.java, pyterrier.terrier.java [version=5.11 (build: craig.macdonald 2025-01-13 21:29), helper_version=0.0.8]
/home/mzaoad/re-ranker_t1/Density2R/d2R_evaluation.py:5: DeprecationWarning: Call to deprecated method pt.init(). Deprecated since version 0.11.0.
java is now started automatically with default settings. To force initialisation early, run:
pt.java.init() # optional, forces java initialisation
  pt.init()
[nltk_data] Downloading package punkt to /home/mzaoad/nltk_data...
[nltk_data]   Package punkt is already up-to-date!
Dataset: irds:beir/dbpedia-entity
Test Dataset: irds:beir/dbpedia-entity/test
TOP_K=1000
Run 1:
------
*** self.DEVICE: cuda ***


pt.Experiment:   0%|          | 0/1 [00:00<?, ?system/s]

Progress...:   0%|          | 0/399 [00:00<?, ?it/s][A

Progress...:   1%|          | 2/399 [00:00<00:22, 17.69it/s][A

Progress...:   1%|          | 4/399 [00:00<00:20, 18.89it/s][A

Progress...:   2%|â–         | 7/399 [00:00<00:20, 19.55it/s][A

Progress...:   3%|â–Ž         | 10/399 [00:00<00:19, 20.41it/s][A

Progress...:   3%|â–Ž         | 13/399 [00:00<00:18, 20.41it/s][A

Progress...:   4%|â–         | 16/399 [00:00<00:18, 20.75it/s][A

Progress...:   5%|â–         | 19/399 [00:00<00:18, 20.93it/s][A

Progress...:   6%|â–Œ         | 22/399 [00:01<00:17, 21.15it/s][A

Progress...:   6%|â–‹         | 25/399 [00:01<00:17, 20.86it/s][A

Progress...:   7%|â–‹         | 28/399 [00:01<00:17, 21.01it/s][A

Progress...:   8%|â–Š         | 31/399 [00:01<00:17, 21.11it/s][A

Progress...:   9%|â–Š         | 34/399 [00:01<00:17, 20.89it/s][A

Progress...:   9%|â–‰         | 37/399 [00:01<00:17, 20.97it/s][A

Progress...:  10%|â–ˆ         | 40/399 [00:01<00:17, 21.08it/s][A

Progress...:  11%|â–ˆ         | 43/399 [00:02<00:17, 20.49it/s][A

Progress...:  12%|â–ˆâ–        | 46/399 [00:02<00:17, 20.18it/s][A

Progress...:  12%|â–ˆâ–        | 49/399 [00:02<00:17, 20.10it/s][A

Progress...:  13%|â–ˆâ–Ž        | 52/399 [00:02<00:16, 20.53it/s][A

Progress...:  14%|â–ˆâ–        | 55/399 [00:02<00:17, 19.51it/s][A

Progress...:  15%|â–ˆâ–        | 58/399 [00:02<00:17, 19.67it/s][A

Progress...:  15%|â–ˆâ–Œ        | 61/399 [00:02<00:17, 19.69it/s][A

Progress...:  16%|â–ˆâ–Œ        | 64/399 [00:03<00:16, 19.71it/s][A

Progress...:  17%|â–ˆâ–‹        | 66/399 [00:03<00:17, 19.49it/s][A

Progress...:  17%|â–ˆâ–‹        | 68/399 [00:03<00:16, 19.48it/s][A

Progress...:  18%|â–ˆâ–Š        | 71/399 [00:03<00:16, 20.23it/s][A

Progress...:  19%|â–ˆâ–Š        | 74/399 [00:03<00:15, 20.48it/s][A

Progress...:  19%|â–ˆâ–‰        | 77/399 [00:03<00:15, 20.67it/s][A

Progress...:  20%|â–ˆâ–ˆ        | 80/399 [00:03<00:15, 20.91it/s][A

Progress...:  21%|â–ˆâ–ˆ        | 83/399 [00:04<00:15, 20.72it/s][A

Progress...:  22%|â–ˆâ–ˆâ–       | 86/399 [00:04<00:15, 20.43it/s][A

Progress...:  22%|â–ˆâ–ˆâ–       | 89/399 [00:04<00:15, 19.83it/s][A

Progress...:  23%|â–ˆâ–ˆâ–Ž       | 91/399 [00:04<00:16, 18.69it/s][A

Progress...:  24%|â–ˆâ–ˆâ–Ž       | 94/399 [00:04<00:15, 19.60it/s][A

Progress...:  24%|â–ˆâ–ˆâ–       | 97/399 [00:04<00:14, 20.57it/s][A

Progress...:  25%|â–ˆâ–ˆâ–Œ       | 100/399 [00:04<00:14, 20.47it/s][A

Progress...:  26%|â–ˆâ–ˆâ–Œ       | 103/399 [00:05<00:14, 20.52it/s][A

Progress...:  27%|â–ˆâ–ˆâ–‹       | 106/399 [00:05<00:14, 20.87it/s][A

Progress...:  27%|â–ˆâ–ˆâ–‹       | 109/399 [00:05<00:13, 20.89it/s][A

Progress...:  28%|â–ˆâ–ˆâ–Š       | 112/399 [00:05<00:13, 20.93it/s][A

Progress...:  29%|â–ˆâ–ˆâ–‰       | 115/399 [00:05<00:14, 20.25it/s][A

Progress...:  30%|â–ˆâ–ˆâ–‰       | 118/399 [00:05<00:13, 20.52it/s][A

Progress...:  30%|â–ˆâ–ˆâ–ˆ       | 121/399 [00:05<00:13, 20.42it/s][A

Progress...:  31%|â–ˆâ–ˆâ–ˆ       | 124/399 [00:06<00:13, 20.01it/s][A

Progress...:  32%|â–ˆâ–ˆâ–ˆâ–      | 127/399 [00:06<00:13, 20.13it/s][A

Progress...:  33%|â–ˆâ–ˆâ–ˆâ–Ž      | 130/399 [00:06<00:13, 20.54it/s][A

Progress...:  33%|â–ˆâ–ˆâ–ˆâ–Ž      | 133/399 [00:06<00:12, 20.67it/s][A

Progress...:  34%|â–ˆâ–ˆâ–ˆâ–      | 136/399 [00:06<00:13, 20.18it/s][A

Progress...:  35%|â–ˆâ–ˆâ–ˆâ–      | 139/399 [00:06<00:12, 20.50it/s][A

Progress...:  36%|â–ˆâ–ˆâ–ˆâ–Œ      | 142/399 [00:06<00:12, 20.76it/s][A

Progress...:  36%|â–ˆâ–ˆâ–ˆâ–‹      | 145/399 [00:07<00:12, 21.10it/s][A

Progress...:  37%|â–ˆâ–ˆâ–ˆâ–‹      | 148/399 [00:07<00:11, 20.95it/s][A

Progress...:  38%|â–ˆâ–ˆâ–ˆâ–Š      | 151/399 [00:07<00:11, 20.94it/s][A

Progress...:  39%|â–ˆâ–ˆâ–ˆâ–Š      | 154/399 [00:07<00:11, 20.97it/s][A

Progress...:  39%|â–ˆâ–ˆâ–ˆâ–‰      | 157/399 [00:07<00:11, 20.62it/s][A

Progress...:  40%|â–ˆâ–ˆâ–ˆâ–ˆ      | 160/399 [00:07<00:11, 20.73it/s][A

Progress...:  41%|â–ˆâ–ˆâ–ˆâ–ˆ      | 163/399 [00:07<00:11, 20.95it/s][A

Progress...:  42%|â–ˆâ–ˆâ–ˆâ–ˆâ–     | 166/399 [00:08<00:11, 20.89it/s][A

Progress...:  42%|â–ˆâ–ˆâ–ˆâ–ˆâ–     | 169/399 [00:08<00:11, 20.57it/s][A

Progress...:  43%|â–ˆâ–ˆâ–ˆâ–ˆâ–Ž     | 172/399 [00:08<00:10, 22.31it/s][A

Progress...:  44%|â–ˆâ–ˆâ–ˆâ–ˆâ–     | 175/399 [00:08<00:10, 22.02it/s][A

Progress...:  45%|â–ˆâ–ˆâ–ˆâ–ˆâ–     | 178/399 [00:08<00:10, 21.87it/s][A

Progress...:  45%|â–ˆâ–ˆâ–ˆâ–ˆâ–Œ     | 181/399 [00:08<00:10, 21.51it/s][A

Progress...:  46%|â–ˆâ–ˆâ–ˆâ–ˆâ–Œ     | 184/399 [00:08<00:10, 21.34it/s][A

Progress...:  47%|â–ˆâ–ˆâ–ˆâ–ˆâ–‹     | 187/399 [00:09<00:10, 20.76it/s][A

Progress...:  48%|â–ˆâ–ˆâ–ˆâ–ˆâ–Š     | 190/399 [00:09<00:10, 20.72it/s][A

Progress...:  48%|â–ˆâ–ˆâ–ˆâ–ˆâ–Š     | 193/399 [00:09<00:10, 20.27it/s][A

Progress...:  49%|â–ˆâ–ˆâ–ˆâ–ˆâ–‰     | 196/399 [00:09<00:09, 20.36it/s][A

Progress...:  50%|â–ˆâ–ˆâ–ˆâ–ˆâ–‰     | 199/399 [00:09<00:09, 20.45it/s][A

Progress...:  51%|â–ˆâ–ˆâ–ˆâ–ˆâ–ˆ     | 202/399 [00:09<00:09, 20.49it/s][A

Progress...:  51%|â–ˆâ–ˆâ–ˆâ–ˆâ–ˆâ–    | 205/399 [00:09<00:09, 20.63it/s][A

Progress...:  52%|â–ˆâ–ˆâ–ˆâ–ˆâ–ˆâ–    | 208/399 [00:10<00:09, 20.12it/s][A

Progress...:  53%|â–ˆâ–ˆâ–ˆâ–ˆâ–ˆâ–Ž    | 211/399 [00:10<00:09, 20.23it/s][A

Progress...:  54%|â–ˆâ–ˆâ–ˆâ–ˆâ–ˆâ–Ž    | 214/399 [00:10<00:09, 20.06it/s][A

Progress...:  54%|â–ˆâ–ˆâ–ˆâ–ˆâ–ˆâ–    | 217/399 [00:10<00:08, 20.39it/s][A

Progress...:  55%|â–ˆâ–ˆâ–ˆâ–ˆâ–ˆâ–Œ    | 220/399 [00:10<00:08, 20.08it/s][A

Progress...:  56%|â–ˆâ–ˆâ–ˆâ–ˆâ–ˆâ–Œ    | 223/399 [00:10<00:08, 20.49it/s][A

Progress...:  57%|â–ˆâ–ˆâ–ˆâ–ˆâ–ˆâ–‹    | 226/399 [00:11<00:08, 20.49it/s][A

Progress...:  57%|â–ˆâ–ˆâ–ˆâ–ˆâ–ˆâ–‹    | 229/399 [00:11<00:08, 20.28it/s][A

Progress...:  58%|â–ˆâ–ˆâ–ˆâ–ˆâ–ˆâ–Š    | 232/399 [00:11<00:08, 20.26it/s][A

Progress...:  59%|â–ˆâ–ˆâ–ˆâ–ˆâ–ˆâ–‰    | 235/399 [00:11<00:08, 19.93it/s][A

Progress...:  59%|â–ˆâ–ˆâ–ˆâ–ˆâ–ˆâ–‰    | 237/399 [00:11<00:08, 19.85it/s][A

Progress...:  60%|â–ˆâ–ˆâ–ˆâ–ˆâ–ˆâ–ˆ    | 240/399 [00:11<00:07, 20.06it/s][A

Progress...:  61%|â–ˆâ–ˆâ–ˆâ–ˆâ–ˆâ–ˆ    | 243/399 [00:11<00:07, 20.40it/s][A

Progress...:  62%|â–ˆâ–ˆâ–ˆâ–ˆâ–ˆâ–ˆâ–   | 246/399 [00:12<00:07, 20.70it/s][A

Progress...:  62%|â–ˆâ–ˆâ–ˆâ–ˆâ–ˆâ–ˆâ–   | 249/399 [00:12<00:07, 20.56it/s][A

Progress...:  63%|â–ˆâ–ˆâ–ˆâ–ˆâ–ˆâ–ˆâ–Ž   | 252/399 [00:12<00:07, 20.57it/s][A

Progress...:  64%|â–ˆâ–ˆâ–ˆâ–ˆâ–ˆâ–ˆâ–   | 255/399 [00:12<00:07, 19.82it/s][A

Progress...:  64%|â–ˆâ–ˆâ–ˆâ–ˆâ–ˆâ–ˆâ–   | 257/399 [00:12<00:07, 19.81it/s][A

Progress...:  65%|â–ˆâ–ˆâ–ˆâ–ˆâ–ˆâ–ˆâ–   | 259/399 [00:12<00:07, 19.83it/s][A

Progress...:  66%|â–ˆâ–ˆâ–ˆâ–ˆâ–ˆâ–ˆâ–Œ   | 262/399 [00:12<00:06, 21.68it/s][A

Progress...:  66%|â–ˆâ–ˆâ–ˆâ–ˆâ–ˆâ–ˆâ–‹   | 265/399 [00:12<00:06, 22.21it/s][A

Progress...:  67%|â–ˆâ–ˆâ–ˆâ–ˆâ–ˆâ–ˆâ–‹   | 268/399 [00:13<00:06, 21.78it/s][A

Progress...:  68%|â–ˆâ–ˆâ–ˆâ–ˆâ–ˆâ–ˆâ–Š   | 271/399 [00:13<00:06, 21.28it/s][A

Progress...:  69%|â–ˆâ–ˆâ–ˆâ–ˆâ–ˆâ–ˆâ–Š   | 274/399 [00:13<00:06, 20.52it/s][A

Progress...:  69%|â–ˆâ–ˆâ–ˆâ–ˆâ–ˆâ–ˆâ–‰   | 277/399 [00:13<00:05, 20.51it/s][A

Progress...:  70%|â–ˆâ–ˆâ–ˆâ–ˆâ–ˆâ–ˆâ–ˆ   | 280/399 [00:13<00:05, 20.78it/s][A

Progress...:  71%|â–ˆâ–ˆâ–ˆâ–ˆâ–ˆâ–ˆâ–ˆ   | 283/399 [00:13<00:05, 20.48it/s][A

Progress...:  72%|â–ˆâ–ˆâ–ˆâ–ˆâ–ˆâ–ˆâ–ˆâ–  | 286/399 [00:13<00:05, 20.15it/s][A

Progress...:  72%|â–ˆâ–ˆâ–ˆâ–ˆâ–ˆâ–ˆâ–ˆâ–  | 289/399 [00:14<00:05, 20.29it/s][A

Progress...:  73%|â–ˆâ–ˆâ–ˆâ–ˆâ–ˆâ–ˆâ–ˆâ–Ž  | 292/399 [00:14<00:05, 20.22it/s][A

Progress...:  74%|â–ˆâ–ˆâ–ˆâ–ˆâ–ˆâ–ˆâ–ˆâ–  | 295/399 [00:14<00:05, 20.22it/s][A

Progress...:  75%|â–ˆâ–ˆâ–ˆâ–ˆâ–ˆâ–ˆâ–ˆâ–  | 298/399 [00:14<00:05, 20.17it/s][A

Progress...:  75%|â–ˆâ–ˆâ–ˆâ–ˆâ–ˆâ–ˆâ–ˆâ–Œ  | 301/399 [00:14<00:04, 20.42it/s][A

Progress...:  76%|â–ˆâ–ˆâ–ˆâ–ˆâ–ˆâ–ˆâ–ˆâ–Œ  | 304/399 [00:14<00:04, 20.64it/s][A

Progress...:  77%|â–ˆâ–ˆâ–ˆâ–ˆâ–ˆâ–ˆâ–ˆâ–‹  | 307/399 [00:14<00:04, 20.27it/s][A

Progress...:  78%|â–ˆâ–ˆâ–ˆâ–ˆâ–ˆâ–ˆâ–ˆâ–Š  | 310/399 [00:15<00:04, 20.40it/s][A

Progress...:  78%|â–ˆâ–ˆâ–ˆâ–ˆâ–ˆâ–ˆâ–ˆâ–Š  | 313/399 [00:15<00:04, 20.35it/s][A

Progress...:  79%|â–ˆâ–ˆâ–ˆâ–ˆâ–ˆâ–ˆâ–ˆâ–‰  | 316/399 [00:15<00:04, 20.21it/s][A

Progress...:  80%|â–ˆâ–ˆâ–ˆâ–ˆâ–ˆâ–ˆâ–ˆâ–‰  | 319/399 [00:15<00:03, 20.25it/s][A

Progress...:  81%|â–ˆâ–ˆâ–ˆâ–ˆâ–ˆâ–ˆâ–ˆâ–ˆ  | 322/399 [00:15<00:03, 19.97it/s][A

Progress...:  81%|â–ˆâ–ˆâ–ˆâ–ˆâ–ˆâ–ˆâ–ˆâ–ˆ  | 324/399 [00:15<00:03, 19.75it/s][A

Progress...:  82%|â–ˆâ–ˆâ–ˆâ–ˆâ–ˆâ–ˆâ–ˆâ–ˆâ– | 327/399 [00:15<00:03, 20.49it/s][A

Progress...:  83%|â–ˆâ–ˆâ–ˆâ–ˆâ–ˆâ–ˆâ–ˆâ–ˆâ–Ž | 330/399 [00:16<00:03, 20.61it/s][A

Progress...:  83%|â–ˆâ–ˆâ–ˆâ–ˆâ–ˆâ–ˆâ–ˆâ–ˆâ–Ž | 333/399 [00:16<00:03, 21.10it/s][A

Progress...:  84%|â–ˆâ–ˆâ–ˆâ–ˆâ–ˆâ–ˆâ–ˆâ–ˆâ– | 336/399 [00:16<00:02, 21.01it/s][A

Progress...:  85%|â–ˆâ–ˆâ–ˆâ–ˆâ–ˆâ–ˆâ–ˆâ–ˆâ– | 339/399 [00:16<00:02, 20.68it/s][A

Progress...:  86%|â–ˆâ–ˆâ–ˆâ–ˆâ–ˆâ–ˆâ–ˆâ–ˆâ–Œ | 342/399 [00:16<00:02, 20.09it/s][A

Progress...:  86%|â–ˆâ–ˆâ–ˆâ–ˆâ–ˆâ–ˆâ–ˆâ–ˆâ–‹ | 345/399 [00:16<00:02, 19.81it/s][A

Progress...:  87%|â–ˆâ–ˆâ–ˆâ–ˆâ–ˆâ–ˆâ–ˆâ–ˆâ–‹ | 347/399 [00:16<00:02, 19.75it/s][A

Progress...:  88%|â–ˆâ–ˆâ–ˆâ–ˆâ–ˆâ–ˆâ–ˆâ–ˆâ–Š | 350/399 [00:17<00:02, 19.94it/s][A

Progress...:  88%|â–ˆâ–ˆâ–ˆâ–ˆâ–ˆâ–ˆâ–ˆâ–ˆâ–Š | 353/399 [00:17<00:02, 20.42it/s][A

Progress...:  89%|â–ˆâ–ˆâ–ˆâ–ˆâ–ˆâ–ˆâ–ˆâ–ˆâ–‰ | 356/399 [00:17<00:02, 20.01it/s][A

Progress...:  90%|â–ˆâ–ˆâ–ˆâ–ˆâ–ˆâ–ˆâ–ˆâ–ˆâ–‰ | 359/399 [00:17<00:01, 20.14it/s][A

Progress...:  91%|â–ˆâ–ˆâ–ˆâ–ˆâ–ˆâ–ˆâ–ˆâ–ˆâ–ˆ | 362/399 [00:17<00:01, 20.05it/s][A

Progress...:  91%|â–ˆâ–ˆâ–ˆâ–ˆâ–ˆâ–ˆâ–ˆâ–ˆâ–ˆâ–| 365/399 [00:17<00:01, 19.65it/s][A

Progress...:  92%|â–ˆâ–ˆâ–ˆâ–ˆâ–ˆâ–ˆâ–ˆâ–ˆâ–ˆâ–| 367/399 [00:17<00:01, 19.68it/s][A

Progress...:  93%|â–ˆâ–ˆâ–ˆâ–ˆâ–ˆâ–ˆâ–ˆâ–ˆâ–ˆâ–Ž| 370/399 [00:18<00:01, 20.15it/s][A

Progress...:  93%|â–ˆâ–ˆâ–ˆâ–ˆâ–ˆâ–ˆâ–ˆâ–ˆâ–ˆâ–Ž| 373/399 [00:18<00:01, 20.17it/s][A

Progress...:  94%|â–ˆâ–ˆâ–ˆâ–ˆâ–ˆâ–ˆâ–ˆâ–ˆâ–ˆâ–| 376/399 [00:18<00:01, 20.06it/s][A

Progress...:  95%|â–ˆâ–ˆâ–ˆâ–ˆâ–ˆâ–ˆâ–ˆâ–ˆâ–ˆâ–| 379/399 [00:18<00:00, 20.32it/s][A

Progress...:  96%|â–ˆâ–ˆâ–ˆâ–ˆâ–ˆâ–ˆâ–ˆâ–ˆâ–ˆâ–Œ| 382/399 [00:18<00:00, 20.45it/s][A

Progress...:  96%|â–ˆâ–ˆâ–ˆâ–ˆâ–ˆâ–ˆâ–ˆâ–ˆâ–ˆâ–‹| 385/399 [00:18<00:00, 20.84it/s][A

Progress...:  97%|â–ˆâ–ˆâ–ˆâ–ˆâ–ˆâ–ˆâ–ˆâ–ˆâ–ˆâ–‹| 388/399 [00:18<00:00, 20.96it/s][A

Progress...:  98%|â–ˆâ–ˆâ–ˆâ–ˆâ–ˆâ–ˆâ–ˆâ–ˆâ–ˆâ–Š| 391/399 [00:19<00:00, 20.87it/s][A

Progress...:  99%|â–ˆâ–ˆâ–ˆâ–ˆâ–ˆâ–ˆâ–ˆâ–ˆâ–ˆâ–Š| 394/399 [00:19<00:00, 20.09it/s][A

Progress...:  99%|â–ˆâ–ˆâ–ˆâ–ˆâ–ˆâ–ˆâ–ˆâ–ˆâ–ˆâ–‰| 397/399 [00:19<00:00, 19.87it/s][A

Progress...: 100%|â–ˆâ–ˆâ–ˆâ–ˆâ–ˆâ–ˆâ–ˆâ–ˆâ–ˆâ–ˆ| 399/399 [00:19<00:00, 19.81it/s][A
Progress...: 100%|â–ˆâ–ˆâ–ˆâ–ˆâ–ˆâ–ˆâ–ˆâ–ˆâ–ˆâ–ˆ| 399/399 [00:19<00:00, 20.43it/s]

Total token top-100 BM25: 2596762
Avg token per query for top-100 BM25: 6508.175438596491

